[ 2017-03-18T16:51:59+08:00 ] ::1 ::1 GET /phpace/public/
[ log ] localhost/phpace/public/ [运行时间：0.099006s][吞吐率：10.10req/s] [内存消耗：2,549.62kb] [文件加载：46]
[ info ] [ LANG ] D:\apache2.4\httpd-2.4.23-win64-VC14\Apache24\htdocs\phpace\thinkphp\lang\zh-cn.php
[ info ] [ ROUTE ] array (
  'type' => 'module',
  'module' => 
  array (
    0 => '',
    1 => NULL,
    2 => NULL,
  ),
)
[ info ] [ HEADER ] array (
  'host' => 'localhost',
  'connection' => 'keep-alive',
  'cache-control' => 'max-age=0',
  'upgrade-insecure-requests' => '1',
  'user-agent' => 'Mozilla/5.0 (Windows NT 6.1; WOW64) AppleWebKit/537.36 (KHTML, like Gecko) Chrome/56.0.2924.87 Safari/537.36',
  'accept' => 'text/html,application/xhtml+xml,application/xml;q=0.9,image/webp,*/*;q=0.8',
  'referer' => 'http://localhost/phpace/public/',
  'accept-encoding' => 'gzip, deflate, sdch, br',
  'accept-language' => 'zh-CN,zh;q=0.8',
  'cookie' => 'PHPSESSID=ae9sc1rsacug6tfjpbcljqtgk0',
)
[ info ] [ PARAM ] array (
)
[ info ] [ RUN ] app\index\controller\Index->index[ D:\apache2.4\httpd-2.4.23-win64-VC14\Apache24\htdocs\phpace\application\index\controller\Index.php ]
[ info ] [ SESSION ] INIT array (
  'id' => '',
  'var_session_id' => 'sss',
  'prefix' => 'think',
  'type' => '',
  'auto_start' => true,
)
[ info ] [ DB ] INIT mysql
[ info ] [ VIEW ] D:\apache2.4\httpd-2.4.23-win64-VC14\Apache24\htdocs\phpace\public/../application/index\view\index\index.html [ array (
  0 => 'menuhtml',
) ]
[ info ] [ LOG ] INIT File
[ sql ] [ DB ] CONNECT:[ UseTime:0.001000s ] mysql:dbname=phpce;host=127.0.0.1;port=3306;charset=utf8
[ sql ] [ SQL ] SELECT DISTINCT 	menu.MenuID AS menuID, 	menu.MenuName AS MenuName, 	menu.ParentID AS ParentID, 	menu.Flag AS Flag, 	menu.URL AS URL FROM 	ce_menu AS menu, 	ce_menu_role AS menu_role WHERE 	menu.MenuID = menu_role.MenuID AND menu_role.IsDelete = 0 AND menu.IsDelete =0 AND menu.Flag =0 AND menu_role.RoleID =1 Order by menu.MenuID ASC [ RunTime:0.004000s ]
[ error ] [8]未定义数组下标: 4[D:\apache2.4\httpd-2.4.23-win64-VC14\Apache24\htdocs\phpace\extend\lib\html\BuildMenuHtml.php:34]
[ error ] [8]未定义数组下标: 5[D:\apache2.4\httpd-2.4.23-win64-VC14\Apache24\htdocs\phpace\extend\lib\html\BuildMenuHtml.php:34]
[ error ] [8]未定义数组下标: 6[D:\apache2.4\httpd-2.4.23-win64-VC14\Apache24\htdocs\phpace\extend\lib\html\BuildMenuHtml.php:34]
[ error ] [8]未定义数组下标: 7[D:\apache2.4\httpd-2.4.23-win64-VC14\Apache24\htdocs\phpace\extend\lib\html\BuildMenuHtml.php:34]
[ error ] [8]未定义数组下标: 9[D:\apache2.4\httpd-2.4.23-win64-VC14\Apache24\htdocs\phpace\extend\lib\html\BuildMenuHtml.php:34]
[ error ] [8]未定义数组下标: 10[D:\apache2.4\httpd-2.4.23-win64-VC14\Apache24\htdocs\phpace\extend\lib\html\BuildMenuHtml.php:34]
[ error ] [8]未定义数组下标: 11[D:\apache2.4\httpd-2.4.23-win64-VC14\Apache24\htdocs\phpace\extend\lib\html\BuildMenuHtml.php:34]
[ error ] [8]未定义数组下标: 12[D:\apache2.4\httpd-2.4.23-win64-VC14\Apache24\htdocs\phpace\extend\lib\html\BuildMenuHtml.php:34]
[ error ] [8]未定义数组下标: 13[D:\apache2.4\httpd-2.4.23-win64-VC14\Apache24\htdocs\phpace\extend\lib\html\BuildMenuHtml.php:34]
[ error ] [8]未定义数组下标: 14[D:\apache2.4\httpd-2.4.23-win64-VC14\Apache24\htdocs\phpace\extend\lib\html\BuildMenuHtml.php:34]
[ error ] [8]未定义数组下标: 17[D:\apache2.4\httpd-2.4.23-win64-VC14\Apache24\htdocs\phpace\extend\lib\html\BuildMenuHtml.php:34]
[ error ] [8]未定义数组下标: 15[D:\apache2.4\httpd-2.4.23-win64-VC14\Apache24\htdocs\phpace\extend\lib\html\BuildMenuHtml.php:34]
[ error ] [8]未定义数组下标: 19[D:\apache2.4\httpd-2.4.23-win64-VC14\Apache24\htdocs\phpace\extend\lib\html\BuildMenuHtml.php:34]

---------------------------------------------------------------
[ 2017-03-18T16:52:00+08:00 ] ::1 ::1 GET /phpace/public/static/components/bootstrap-datepicker/dist/css/bootstrap-datepicker3.css.map
[ log ] localhost/phpace/public/static/components/bootstrap-datepicker/dist/css/bootstrap-datepicker3.css.map [运行时间：0.081005s][吞吐率：12.34req/s] [内存消耗：1,527.78kb] [文件加载：33]
[ info ] [ LANG ] D:\apache2.4\httpd-2.4.23-win64-VC14\Apache24\htdocs\phpace\thinkphp\lang\zh-cn.php
[ info ] [ ROUTE ] array (
  'type' => 'module',
  'module' => 
  array (
    0 => 'static',
    1 => 'components',
    2 => 'bootstrap-datepicker',
  ),
)
[ info ] [ HEADER ] array (
  'host' => 'localhost',
  'connection' => 'keep-alive',
  'user-agent' => 'Mozilla/5.0 (Windows NT 6.1; WOW64) AppleWebKit/537.36 (KHTML, like Gecko) Chrome/56.0.2924.87 Safari/537.36',
  'accept-encoding' => 'gzip, deflate, sdch, br',
  'accept-language' => 'zh-CN,zh;q=0.8',
  'cookie' => 'PHPSESSID=ae9sc1rsacug6tfjpbcljqtgk0',
)
[ info ] [ PARAM ] array (
  'dist' => 'css',
)
[ info ] [ LOG ] INIT File

---------------------------------------------------------------
[ 2017-03-18T16:52:00+08:00 ] ::1 ::1 GET /phpace/public//index/User/index/
[ log ] localhost/phpace/public//index/User/index/ [运行时间：0.114007s][吞吐率：8.77req/s] [内存消耗：2,054.36kb] [文件加载：38]
[ info ] [ LANG ] D:\apache2.4\httpd-2.4.23-win64-VC14\Apache24\htdocs\phpace\thinkphp\lang\zh-cn.php
[ info ] [ ROUTE ] array (
  'type' => 'module',
  'module' => 
  array (
    0 => 'index',
    1 => 'User',
    2 => 'index',
  ),
)
[ info ] [ HEADER ] array (
  'host' => 'localhost',
  'connection' => 'keep-alive',
  'accept' => '*/*',
  'x-requested-with' => 'XMLHttpRequest',
  'user-agent' => 'Mozilla/5.0 (Windows NT 6.1; WOW64) AppleWebKit/537.36 (KHTML, like Gecko) Chrome/56.0.2924.87 Safari/537.36',
  'referer' => 'http://localhost/phpace/public/',
  'accept-encoding' => 'gzip, deflate, sdch, br',
  'accept-language' => 'zh-CN,zh;q=0.8',
  'cookie' => 'PHPSESSID=ae9sc1rsacug6tfjpbcljqtgk0',
)
[ info ] [ PARAM ] array (
)
[ info ] [ RUN ] app\index\controller\User->index[ D:\apache2.4\httpd-2.4.23-win64-VC14\Apache24\htdocs\phpace\application\index\controller\User.php ]
[ info ] [ SESSION ] INIT array (
  'id' => '',
  'var_session_id' => 'sss',
  'prefix' => 'think',
  'type' => '',
  'auto_start' => true,
)
[ info ] [ VIEW ] D:\apache2.4\httpd-2.4.23-win64-VC14\Apache24\htdocs\phpace\public/../application/index\view\user\index.html [ array (
) ]
[ info ] [ LOG ] INIT File

---------------------------------------------------------------
[ 2017-03-18T16:52:02+08:00 ] ::1 ::1 POST /phpace/public/index/Department/getDeparList
[ log ] localhost/phpace/public/index/Department/getDeparList [运行时间：0.046003s][吞吐率：21.74req/s] [内存消耗：2,799.55kb] [文件加载：40]
[ info ] [ LANG ] D:\apache2.4\httpd-2.4.23-win64-VC14\Apache24\htdocs\phpace\thinkphp\lang\zh-cn.php
[ info ] [ ROUTE ] array (
  'type' => 'module',
  'module' => 
  array (
    0 => 'index',
    1 => 'Department',
    2 => 'getDeparList',
  ),
)
[ info ] [ HEADER ] array (
  'host' => 'localhost',
  'connection' => 'keep-alive',
  'content-length' => '4',
  'accept' => 'application/json, text/javascript, */*; q=0.01',
  'origin' => 'http://localhost',
  'x-requested-with' => 'XMLHttpRequest',
  'user-agent' => 'Mozilla/5.0 (Windows NT 6.1; WOW64) AppleWebKit/537.36 (KHTML, like Gecko) Chrome/56.0.2924.87 Safari/537.36',
  'content-type' => 'application/x-www-form-urlencoded; charset=UTF-8',
  'referer' => 'http://localhost/phpace/public/',
  'accept-encoding' => 'gzip, deflate, br',
  'accept-language' => 'zh-CN,zh;q=0.8',
  'cookie' => 'PHPSESSID=ae9sc1rsacug6tfjpbcljqtgk0',
)
[ info ] [ PARAM ] array (
  'id' => '0',
)
[ info ] [ RUN ] app\index\controller\Department->getDeparList[ D:\apache2.4\httpd-2.4.23-win64-VC14\Apache24\htdocs\phpace\application\index\controller\Department.php ]
[ info ] [ SESSION ] INIT array (
  'id' => '',
  'var_session_id' => 'sss',
  'prefix' => 'think',
  'type' => '',
  'auto_start' => true,
)
[ info ] [ DB ] INIT mysql
[ info ] [ LOG ] INIT File
[ sql ] [ DB ] CONNECT:[ UseTime:0.001000s ] mysql:dbname=phpce;host=127.0.0.1;port=3306;charset=utf8
[ sql ] [ SQL ] SELECT 	c.*, 	(		SELECT			COUNT(*) 		FROM 			ce_department c2 		WHERE 			c2.ParentID = c.ID 	) AS child_count FROM 	ce_department c WHERE 	c.ParentID = 0 [ RunTime:0.001000s ]

---------------------------------------------------------------
[ 2017-03-18T16:52:02+08:00 ] ::1 ::1 POST /phpace/public/index/Department/getDeparList
[ log ] localhost/phpace/public/index/Department/getDeparList [运行时间：0.078005s][吞吐率：12.82req/s] [内存消耗：2,799.55kb] [文件加载：40]
[ info ] [ LANG ] D:\apache2.4\httpd-2.4.23-win64-VC14\Apache24\htdocs\phpace\thinkphp\lang\zh-cn.php
[ info ] [ ROUTE ] array (
  'type' => 'module',
  'module' => 
  array (
    0 => 'index',
    1 => 'Department',
    2 => 'getDeparList',
  ),
)
[ info ] [ HEADER ] array (
  'host' => 'localhost',
  'connection' => 'keep-alive',
  'content-length' => '4',
  'accept' => 'application/json, text/javascript, */*; q=0.01',
  'origin' => 'http://localhost',
  'x-requested-with' => 'XMLHttpRequest',
  'user-agent' => 'Mozilla/5.0 (Windows NT 6.1; WOW64) AppleWebKit/537.36 (KHTML, like Gecko) Chrome/56.0.2924.87 Safari/537.36',
  'content-type' => 'application/x-www-form-urlencoded; charset=UTF-8',
  'referer' => 'http://localhost/phpace/public/',
  'accept-encoding' => 'gzip, deflate, br',
  'accept-language' => 'zh-CN,zh;q=0.8',
  'cookie' => 'PHPSESSID=ae9sc1rsacug6tfjpbcljqtgk0',
)
[ info ] [ PARAM ] array (
  'id' => '0',
)
[ info ] [ RUN ] app\index\controller\Department->getDeparList[ D:\apache2.4\httpd-2.4.23-win64-VC14\Apache24\htdocs\phpace\application\index\controller\Department.php ]
[ info ] [ SESSION ] INIT array (
  'id' => '',
  'var_session_id' => 'sss',
  'prefix' => 'think',
  'type' => '',
  'auto_start' => true,
)
[ info ] [ DB ] INIT mysql
[ info ] [ LOG ] INIT File
[ sql ] [ DB ] CONNECT:[ UseTime:0.003000s ] mysql:dbname=phpce;host=127.0.0.1;port=3306;charset=utf8
[ sql ] [ SQL ] SELECT 	c.*, 	(		SELECT			COUNT(*) 		FROM 			ce_department c2 		WHERE 			c2.ParentID = c.ID 	) AS child_count FROM 	ce_department c WHERE 	c.ParentID = 0 [ RunTime:0.002000s ]

---------------------------------------------------------------
[ 2017-03-18T16:52:02+08:00 ] ::1 ::1 GET /phpace/public/index/User/getUserByDepartID?id=0&sEcho=1&iColumns=8&sColumns=%2C%2C%2C%2C%2C%2C%2C&iDisplayStart=0&iDisplayLength=10&mDataProp_0=&sSearch_0=&bRegex_0=false&bSearchable_0=true&bSortable_0=false&mDataProp_1=UserName&sSearch_1=&bRegex_1=false&bSearchable_1=true&bSortable_1=false&mDataProp_2=Name&sSearch_2=&bRegex_2=false&bSearchable_2=true&bSortable_2=false&mDataProp_3=phone&sSearch_3=&bRegex_3=false&bSearchable_3=true&bSortable_3=false&mDataProp_4=moblie&sSearch_4=&bRegex_4=false&bSearchable_4=true&bSortable_4=false&mDataProp_5=CompanyName&sSearch_5=&bRegex_5=false&bSearchable_5=true&bSortable_5=false&mDataProp_6=DeparName&sSearch_6=&bRegex_6=false&bSearchable_6=true&bSortable_6=false&mDataProp_7=&sSearch_7=&bRegex_7=false&bSearchable_7=true&bSortable_7=false&sSearch=&bRegex=false&iSortCol_0=0&sSortDir_0=asc&iSortingCols=1&_=1489827119575
[ log ] localhost/phpace/public/index/User/getUserByDepartID?id=0&sEcho=1&iColumns=8&sColumns=%2C%2C%2C%2C%2C%2C%2C&iDisplayStart=0&iDisplayLength=10&mDataProp_0=&sSearch_0=&bRegex_0=false&bSearchable_0=true&bSortable_0=false&mDataProp_1=UserName&sSearch_1=&bRegex_1=false&bSearchable_1=true&bSortable_1=false&mDataProp_2=Name&sSearch_2=&bRegex_2=false&bSearchable_2=true&bSortable_2=false&mDataProp_3=phone&sSearch_3=&bRegex_3=false&bSearchable_3=true&bSortable_3=false&mDataProp_4=moblie&sSearch_4=&bRegex_4=false&bSearchable_4=true&bSortable_4=false&mDataProp_5=CompanyName&sSearch_5=&bRegex_5=false&bSearchable_5=true&bSortable_5=false&mDataProp_6=DeparName&sSearch_6=&bRegex_6=false&bSearchable_6=true&bSortable_6=false&mDataProp_7=&sSearch_7=&bRegex_7=false&bSearchable_7=true&bSortable_7=false&sSearch=&bRegex=false&iSortCol_0=0&sSortDir_0=asc&iSortingCols=1&_=1489827119575 [运行时间：0.089005s][吞吐率：11.24req/s] [内存消耗：2,798.07kb] [文件加载：40]
[ info ] [ LANG ] D:\apache2.4\httpd-2.4.23-win64-VC14\Apache24\htdocs\phpace\thinkphp\lang\zh-cn.php
[ info ] [ ROUTE ] array (
  'type' => 'module',
  'module' => 
  array (
    0 => 'index',
    1 => 'User',
    2 => 'getUserByDepartID',
  ),
)
[ info ] [ HEADER ] array (
  'host' => 'localhost',
  'connection' => 'keep-alive',
  'accept' => 'application/json, text/javascript, */*; q=0.01',
  'x-requested-with' => 'XMLHttpRequest',
  'user-agent' => 'Mozilla/5.0 (Windows NT 6.1; WOW64) AppleWebKit/537.36 (KHTML, like Gecko) Chrome/56.0.2924.87 Safari/537.36',
  'referer' => 'http://localhost/phpace/public/',
  'accept-encoding' => 'gzip, deflate, sdch, br',
  'accept-language' => 'zh-CN,zh;q=0.8',
  'cookie' => 'PHPSESSID=ae9sc1rsacug6tfjpbcljqtgk0',
)
[ info ] [ PARAM ] array (
  'id' => '0',
  'sEcho' => '1',
  'iColumns' => '8',
  'sColumns' => ',,,,,,,',
  'iDisplayStart' => '0',
  'iDisplayLength' => '10',
  'mDataProp_0' => '',
  'sSearch_0' => '',
  'bRegex_0' => 'false',
  'bSearchable_0' => 'true',
  'bSortable_0' => 'false',
  'mDataProp_1' => 'UserName',
  'sSearch_1' => '',
  'bRegex_1' => 'false',
  'bSearchable_1' => 'true',
  'bSortable_1' => 'false',
  'mDataProp_2' => 'Name',
  'sSearch_2' => '',
  'bRegex_2' => 'false',
  'bSearchable_2' => 'true',
  'bSortable_2' => 'false',
  'mDataProp_3' => 'phone',
  'sSearch_3' => '',
  'bRegex_3' => 'false',
  'bSearchable_3' => 'true',
  'bSortable_3' => 'false',
  'mDataProp_4' => 'moblie',
  'sSearch_4' => '',
  'bRegex_4' => 'false',
  'bSearchable_4' => 'true',
  'bSortable_4' => 'false',
  'mDataProp_5' => 'CompanyName',
  'sSearch_5' => '',
  'bRegex_5' => 'false',
  'bSearchable_5' => 'true',
  'bSortable_5' => 'false',
  'mDataProp_6' => 'DeparName',
  'sSearch_6' => '',
  'bRegex_6' => 'false',
  'bSearchable_6' => 'true',
  'bSortable_6' => 'false',
  'mDataProp_7' => '',
  'sSearch_7' => '',
  'bRegex_7' => 'false',
  'bSearchable_7' => 'true',
  'bSortable_7' => 'false',
  'sSearch' => '',
  'bRegex' => 'false',
  'iSortCol_0' => '0',
  'sSortDir_0' => 'asc',
  'iSortingCols' => '1',
  '_' => '1489827119575',
)
[ info ] [ RUN ] app\index\controller\User->getUserByDepartID[ D:\apache2.4\httpd-2.4.23-win64-VC14\Apache24\htdocs\phpace\application\index\controller\User.php ]
[ info ] [ SESSION ] INIT array (
  'id' => '',
  'var_session_id' => 'sss',
  'prefix' => 'think',
  'type' => '',
  'auto_start' => true,
)
[ info ] [ DB ] INIT mysql
[ info ] [ LOG ] INIT File
[ sql ] [ DB ] CONNECT:[ UseTime:0.010000s ] mysql:dbname=phpce;host=127.0.0.1;port=3306;charset=utf8
[ sql ] [ SQL ] SELECT users.UserName UserName, users.phone phone, users.moblie moblie, depart.ShortName CompanyName, depart.OrganizationName DeparName, users.Names AS Name FROM ce_department AS depart, ce_user AS users WHERE depart.ID = users.DepartmentID AND depart.IsDelete = 0 AND users.IsDelete = 0 AND depart.ID = 1  limit 0 , 10 [ RunTime:0.001000s ]
[ sql ] [ SQL ] SELECT count(0) UserSize  FROM  ce_department AS depart, ce_user AS users WHERE depart.ID = users.DepartmentID AND depart.IsDelete = 0  AND users.IsDelete = 0  AND depart.ID = 1 [ RunTime:0.001001s ]

---------------------------------------------------------------
[ 2017-03-18T16:52:06+08:00 ] ::1 ::1 GET /phpace/public/static/components/datatables.net-buttons-swf/index.swf
[ log ] localhost/phpace/public/static/components/datatables.net-buttons-swf/index.swf [运行时间：0.065004s][吞吐率：15.38req/s] [内存消耗：1,527.73kb] [文件加载：33]
[ info ] [ LANG ] D:\apache2.4\httpd-2.4.23-win64-VC14\Apache24\htdocs\phpace\thinkphp\lang\zh-cn.php
[ info ] [ ROUTE ] array (
  'type' => 'module',
  'module' => 
  array (
    0 => 'static',
    1 => 'components',
    2 => 'datatables.net-buttons-swf',
  ),
)
[ info ] [ HEADER ] array (
  'host' => 'localhost',
  'connection' => 'keep-alive',
  'user-agent' => 'Mozilla/5.0 (Windows NT 6.1; WOW64) AppleWebKit/537.36 (KHTML, like Gecko) Chrome/56.0.2924.87 Safari/537.36',
  'x-requested-with' => 'ShockwaveFlash/23.0.0.207',
  'accept' => '*/*',
  'referer' => 'http://localhost/phpace/public/',
  'accept-encoding' => 'gzip, deflate, sdch, br',
  'accept-language' => 'zh-CN,zh;q=0.8',
  'cookie' => 'PHPSESSID=ae9sc1rsacug6tfjpbcljqtgk0',
)
[ info ] [ PARAM ] array (
)
[ info ] [ LOG ] INIT File

---------------------------------------------------------------
[ 2017-03-18T16:52:06+08:00 ] ::1 ::1 GET /phpace/public/static/components/datatables.net-buttons-swf/index.swf
[ log ] localhost/phpace/public/static/components/datatables.net-buttons-swf/index.swf [运行时间：0.076004s][吞吐率：13.16req/s] [内存消耗：1,527.73kb] [文件加载：33]
[ info ] [ LANG ] D:\apache2.4\httpd-2.4.23-win64-VC14\Apache24\htdocs\phpace\thinkphp\lang\zh-cn.php
[ info ] [ ROUTE ] array (
  'type' => 'module',
  'module' => 
  array (
    0 => 'static',
    1 => 'components',
    2 => 'datatables.net-buttons-swf',
  ),
)
[ info ] [ HEADER ] array (
  'host' => 'localhost',
  'connection' => 'keep-alive',
  'user-agent' => 'Mozilla/5.0 (Windows NT 6.1; WOW64) AppleWebKit/537.36 (KHTML, like Gecko) Chrome/56.0.2924.87 Safari/537.36',
  'x-requested-with' => 'ShockwaveFlash/23.0.0.207',
  'accept' => '*/*',
  'referer' => 'http://localhost/phpace/public/',
  'accept-encoding' => 'gzip, deflate, sdch, br',
  'accept-language' => 'zh-CN,zh;q=0.8',
  'cookie' => 'PHPSESSID=ae9sc1rsacug6tfjpbcljqtgk0',
)
[ info ] [ PARAM ] array (
)
[ info ] [ LOG ] INIT File

---------------------------------------------------------------
[ 2017-03-18T16:52:29+08:00 ] ::1 ::1 GET /phpace/public/
[ log ] localhost/phpace/public/ [运行时间：0.088005s][吞吐率：11.36req/s] [内存消耗：2,549.71kb] [文件加载：46]
[ info ] [ LANG ] D:\apache2.4\httpd-2.4.23-win64-VC14\Apache24\htdocs\phpace\thinkphp\lang\zh-cn.php
[ info ] [ ROUTE ] array (
  'type' => 'module',
  'module' => 
  array (
    0 => '',
    1 => NULL,
    2 => NULL,
  ),
)
[ info ] [ HEADER ] array (
  'host' => 'localhost',
  'connection' => 'keep-alive',
  'cache-control' => 'max-age=0',
  'upgrade-insecure-requests' => '1',
  'user-agent' => 'Mozilla/5.0 (Windows NT 6.1; WOW64) AppleWebKit/537.36 (KHTML, like Gecko) Chrome/56.0.2924.87 Safari/537.36',
  'accept' => 'text/html,application/xhtml+xml,application/xml;q=0.9,image/webp,*/*;q=0.8',
  'referer' => 'http://localhost/phpace/public/',
  'accept-encoding' => 'gzip, deflate, sdch, br',
  'accept-language' => 'zh-CN,zh;q=0.8',
  'cookie' => 'PHPSESSID=ae9sc1rsacug6tfjpbcljqtgk0',
)
[ info ] [ PARAM ] array (
)
[ info ] [ RUN ] app\index\controller\Index->index[ D:\apache2.4\httpd-2.4.23-win64-VC14\Apache24\htdocs\phpace\application\index\controller\Index.php ]
[ info ] [ SESSION ] INIT array (
  'id' => '',
  'var_session_id' => 'sss',
  'prefix' => 'think',
  'type' => '',
  'auto_start' => true,
)
[ info ] [ DB ] INIT mysql
[ info ] [ VIEW ] D:\apache2.4\httpd-2.4.23-win64-VC14\Apache24\htdocs\phpace\public/../application/index\view\index\index.html [ array (
  0 => 'menuhtml',
) ]
[ info ] [ LOG ] INIT File
[ sql ] [ DB ] CONNECT:[ UseTime:0.010000s ] mysql:dbname=phpce;host=127.0.0.1;port=3306;charset=utf8
[ sql ] [ SQL ] SELECT DISTINCT 	menu.MenuID AS menuID, 	menu.MenuName AS MenuName, 	menu.ParentID AS ParentID, 	menu.Flag AS Flag, 	menu.URL AS URL FROM 	ce_menu AS menu, 	ce_menu_role AS menu_role WHERE 	menu.MenuID = menu_role.MenuID AND menu_role.IsDelete = 0 AND menu.IsDelete =0 AND menu.Flag =0 AND menu_role.RoleID =1 Order by menu.MenuID ASC [ RunTime:0.002001s ]
[ error ] [8]未定义数组下标: 4[D:\apache2.4\httpd-2.4.23-win64-VC14\Apache24\htdocs\phpace\extend\lib\html\BuildMenuHtml.php:34]
[ error ] [8]未定义数组下标: 5[D:\apache2.4\httpd-2.4.23-win64-VC14\Apache24\htdocs\phpace\extend\lib\html\BuildMenuHtml.php:34]
[ error ] [8]未定义数组下标: 6[D:\apache2.4\httpd-2.4.23-win64-VC14\Apache24\htdocs\phpace\extend\lib\html\BuildMenuHtml.php:34]
[ error ] [8]未定义数组下标: 7[D:\apache2.4\httpd-2.4.23-win64-VC14\Apache24\htdocs\phpace\extend\lib\html\BuildMenuHtml.php:34]
[ error ] [8]未定义数组下标: 9[D:\apache2.4\httpd-2.4.23-win64-VC14\Apache24\htdocs\phpace\extend\lib\html\BuildMenuHtml.php:34]
[ error ] [8]未定义数组下标: 10[D:\apache2.4\httpd-2.4.23-win64-VC14\Apache24\htdocs\phpace\extend\lib\html\BuildMenuHtml.php:34]
[ error ] [8]未定义数组下标: 11[D:\apache2.4\httpd-2.4.23-win64-VC14\Apache24\htdocs\phpace\extend\lib\html\BuildMenuHtml.php:34]
[ error ] [8]未定义数组下标: 12[D:\apache2.4\httpd-2.4.23-win64-VC14\Apache24\htdocs\phpace\extend\lib\html\BuildMenuHtml.php:34]
[ error ] [8]未定义数组下标: 13[D:\apache2.4\httpd-2.4.23-win64-VC14\Apache24\htdocs\phpace\extend\lib\html\BuildMenuHtml.php:34]
[ error ] [8]未定义数组下标: 14[D:\apache2.4\httpd-2.4.23-win64-VC14\Apache24\htdocs\phpace\extend\lib\html\BuildMenuHtml.php:34]
[ error ] [8]未定义数组下标: 17[D:\apache2.4\httpd-2.4.23-win64-VC14\Apache24\htdocs\phpace\extend\lib\html\BuildMenuHtml.php:34]
[ error ] [8]未定义数组下标: 15[D:\apache2.4\httpd-2.4.23-win64-VC14\Apache24\htdocs\phpace\extend\lib\html\BuildMenuHtml.php:34]
[ error ] [8]未定义数组下标: 19[D:\apache2.4\httpd-2.4.23-win64-VC14\Apache24\htdocs\phpace\extend\lib\html\BuildMenuHtml.php:34]

---------------------------------------------------------------
[ 2017-03-18T16:52:29+08:00 ] ::1 ::1 GET /phpace/public//index/User/index/
[ log ] localhost/phpace/public//index/User/index/ [运行时间：0.058003s][吞吐率：17.24req/s] [内存消耗：1,806.69kb] [文件加载：36]
[ info ] [ LANG ] D:\apache2.4\httpd-2.4.23-win64-VC14\Apache24\htdocs\phpace\thinkphp\lang\zh-cn.php
[ info ] [ ROUTE ] array (
  'type' => 'module',
  'module' => 
  array (
    0 => 'index',
    1 => 'User',
    2 => 'index',
  ),
)
[ info ] [ HEADER ] array (
  'host' => 'localhost',
  'connection' => 'keep-alive',
  'accept' => '*/*',
  'x-requested-with' => 'XMLHttpRequest',
  'user-agent' => 'Mozilla/5.0 (Windows NT 6.1; WOW64) AppleWebKit/537.36 (KHTML, like Gecko) Chrome/56.0.2924.87 Safari/537.36',
  'referer' => 'http://localhost/phpace/public/',
  'accept-encoding' => 'gzip, deflate, sdch, br',
  'accept-language' => 'zh-CN,zh;q=0.8',
  'cookie' => 'PHPSESSID=ae9sc1rsacug6tfjpbcljqtgk0',
)
[ info ] [ PARAM ] array (
)
[ info ] [ RUN ] app\index\controller\User->index[ D:\apache2.4\httpd-2.4.23-win64-VC14\Apache24\htdocs\phpace\application\index\controller\User.php ]
[ info ] [ SESSION ] INIT array (
  'id' => '',
  'var_session_id' => 'sss',
  'prefix' => 'think',
  'type' => '',
  'auto_start' => true,
)
[ info ] [ VIEW ] D:\apache2.4\httpd-2.4.23-win64-VC14\Apache24\htdocs\phpace\public/../application/index\view\user\index.html [ array (
) ]
[ info ] [ LOG ] INIT File

---------------------------------------------------------------
[ 2017-03-18T16:52:29+08:00 ] ::1 ::1 POST /phpace/public/index/Department/getDeparList
[ log ] localhost/phpace/public/index/Department/getDeparList [运行时间：0.094006s][吞吐率：10.64req/s] [内存消耗：2,799.55kb] [文件加载：40]
[ info ] [ LANG ] D:\apache2.4\httpd-2.4.23-win64-VC14\Apache24\htdocs\phpace\thinkphp\lang\zh-cn.php
[ info ] [ ROUTE ] array (
  'type' => 'module',
  'module' => 
  array (
    0 => 'index',
    1 => 'Department',
    2 => 'getDeparList',
  ),
)
[ info ] [ HEADER ] array (
  'host' => 'localhost',
  'connection' => 'keep-alive',
  'content-length' => '4',
  'accept' => 'application/json, text/javascript, */*; q=0.01',
  'origin' => 'http://localhost',
  'x-requested-with' => 'XMLHttpRequest',
  'user-agent' => 'Mozilla/5.0 (Windows NT 6.1; WOW64) AppleWebKit/537.36 (KHTML, like Gecko) Chrome/56.0.2924.87 Safari/537.36',
  'content-type' => 'application/x-www-form-urlencoded; charset=UTF-8',
  'referer' => 'http://localhost/phpace/public/',
  'accept-encoding' => 'gzip, deflate, br',
  'accept-language' => 'zh-CN,zh;q=0.8',
  'cookie' => 'PHPSESSID=ae9sc1rsacug6tfjpbcljqtgk0',
)
[ info ] [ PARAM ] array (
  'id' => '0',
)
[ info ] [ RUN ] app\index\controller\Department->getDeparList[ D:\apache2.4\httpd-2.4.23-win64-VC14\Apache24\htdocs\phpace\application\index\controller\Department.php ]
[ info ] [ SESSION ] INIT array (
  'id' => '',
  'var_session_id' => 'sss',
  'prefix' => 'think',
  'type' => '',
  'auto_start' => true,
)
[ info ] [ DB ] INIT mysql
[ info ] [ LOG ] INIT File
[ sql ] [ DB ] CONNECT:[ UseTime:0.002000s ] mysql:dbname=phpce;host=127.0.0.1;port=3306;charset=utf8
[ sql ] [ SQL ] SELECT 	c.*, 	(		SELECT			COUNT(*) 		FROM 			ce_department c2 		WHERE 			c2.ParentID = c.ID 	) AS child_count FROM 	ce_department c WHERE 	c.ParentID = 0 [ RunTime:0.002000s ]

---------------------------------------------------------------
[ 2017-03-18T16:52:29+08:00 ] ::1 ::1 POST /phpace/public/index/Department/getDeparList
[ log ] localhost/phpace/public/index/Department/getDeparList [运行时间：0.140008s][吞吐率：7.14req/s] [内存消耗：2,799.55kb] [文件加载：40]
[ info ] [ LANG ] D:\apache2.4\httpd-2.4.23-win64-VC14\Apache24\htdocs\phpace\thinkphp\lang\zh-cn.php
[ info ] [ ROUTE ] array (
  'type' => 'module',
  'module' => 
  array (
    0 => 'index',
    1 => 'Department',
    2 => 'getDeparList',
  ),
)
[ info ] [ HEADER ] array (
  'host' => 'localhost',
  'connection' => 'keep-alive',
  'content-length' => '4',
  'accept' => 'application/json, text/javascript, */*; q=0.01',
  'origin' => 'http://localhost',
  'x-requested-with' => 'XMLHttpRequest',
  'user-agent' => 'Mozilla/5.0 (Windows NT 6.1; WOW64) AppleWebKit/537.36 (KHTML, like Gecko) Chrome/56.0.2924.87 Safari/537.36',
  'content-type' => 'application/x-www-form-urlencoded; charset=UTF-8',
  'referer' => 'http://localhost/phpace/public/',
  'accept-encoding' => 'gzip, deflate, br',
  'accept-language' => 'zh-CN,zh;q=0.8',
  'cookie' => 'PHPSESSID=ae9sc1rsacug6tfjpbcljqtgk0',
)
[ info ] [ PARAM ] array (
  'id' => '0',
)
[ info ] [ RUN ] app\index\controller\Department->getDeparList[ D:\apache2.4\httpd-2.4.23-win64-VC14\Apache24\htdocs\phpace\application\index\controller\Department.php ]
[ info ] [ SESSION ] INIT array (
  'id' => '',
  'var_session_id' => 'sss',
  'prefix' => 'think',
  'type' => '',
  'auto_start' => true,
)
[ info ] [ DB ] INIT mysql
[ info ] [ LOG ] INIT File
[ sql ] [ DB ] CONNECT:[ UseTime:0.011001s ] mysql:dbname=phpce;host=127.0.0.1;port=3306;charset=utf8
[ sql ] [ SQL ] SELECT 	c.*, 	(		SELECT			COUNT(*) 		FROM 			ce_department c2 		WHERE 			c2.ParentID = c.ID 	) AS child_count FROM 	ce_department c WHERE 	c.ParentID = 0 [ RunTime:0.003000s ]

---------------------------------------------------------------
[ 2017-03-18T16:52:30+08:00 ] ::1 ::1 GET /phpace/public/index/User/getUserByDepartID?id=0&sEcho=1&iColumns=8&sColumns=%2C%2C%2C%2C%2C%2C%2C&iDisplayStart=0&iDisplayLength=10&mDataProp_0=&sSearch_0=&bRegex_0=false&bSearchable_0=true&bSortable_0=false&mDataProp_1=UserName&sSearch_1=&bRegex_1=false&bSearchable_1=true&bSortable_1=false&mDataProp_2=Name&sSearch_2=&bRegex_2=false&bSearchable_2=true&bSortable_2=false&mDataProp_3=phone&sSearch_3=&bRegex_3=false&bSearchable_3=true&bSortable_3=false&mDataProp_4=moblie&sSearch_4=&bRegex_4=false&bSearchable_4=true&bSortable_4=false&mDataProp_5=CompanyName&sSearch_5=&bRegex_5=false&bSearchable_5=true&bSortable_5=false&mDataProp_6=DeparName&sSearch_6=&bRegex_6=false&bSearchable_6=true&bSortable_6=false&mDataProp_7=&sSearch_7=&bRegex_7=false&bSearchable_7=true&bSortable_7=false&sSearch=&bRegex=false&iSortCol_0=0&sSortDir_0=asc&iSortingCols=1&_=1489827149562
[ log ] localhost/phpace/public/index/User/getUserByDepartID?id=0&sEcho=1&iColumns=8&sColumns=%2C%2C%2C%2C%2C%2C%2C&iDisplayStart=0&iDisplayLength=10&mDataProp_0=&sSearch_0=&bRegex_0=false&bSearchable_0=true&bSortable_0=false&mDataProp_1=UserName&sSearch_1=&bRegex_1=false&bSearchable_1=true&bSortable_1=false&mDataProp_2=Name&sSearch_2=&bRegex_2=false&bSearchable_2=true&bSortable_2=false&mDataProp_3=phone&sSearch_3=&bRegex_3=false&bSearchable_3=true&bSortable_3=false&mDataProp_4=moblie&sSearch_4=&bRegex_4=false&bSearchable_4=true&bSortable_4=false&mDataProp_5=CompanyName&sSearch_5=&bRegex_5=false&bSearchable_5=true&bSortable_5=false&mDataProp_6=DeparName&sSearch_6=&bRegex_6=false&bSearchable_6=true&bSortable_6=false&mDataProp_7=&sSearch_7=&bRegex_7=false&bSearchable_7=true&bSortable_7=false&sSearch=&bRegex=false&iSortCol_0=0&sSortDir_0=asc&iSortingCols=1&_=1489827149562 [运行时间：0.108007s][吞吐率：9.26req/s] [内存消耗：2,798.07kb] [文件加载：40]
[ info ] [ LANG ] D:\apache2.4\httpd-2.4.23-win64-VC14\Apache24\htdocs\phpace\thinkphp\lang\zh-cn.php
[ info ] [ ROUTE ] array (
  'type' => 'module',
  'module' => 
  array (
    0 => 'index',
    1 => 'User',
    2 => 'getUserByDepartID',
  ),
)
[ info ] [ HEADER ] array (
  'host' => 'localhost',
  'connection' => 'keep-alive',
  'accept' => 'application/json, text/javascript, */*; q=0.01',
  'x-requested-with' => 'XMLHttpRequest',
  'user-agent' => 'Mozilla/5.0 (Windows NT 6.1; WOW64) AppleWebKit/537.36 (KHTML, like Gecko) Chrome/56.0.2924.87 Safari/537.36',
  'referer' => 'http://localhost/phpace/public/',
  'accept-encoding' => 'gzip, deflate, sdch, br',
  'accept-language' => 'zh-CN,zh;q=0.8',
  'cookie' => 'PHPSESSID=ae9sc1rsacug6tfjpbcljqtgk0',
)
[ info ] [ PARAM ] array (
  'id' => '0',
  'sEcho' => '1',
  'iColumns' => '8',
  'sColumns' => ',,,,,,,',
  'iDisplayStart' => '0',
  'iDisplayLength' => '10',
  'mDataProp_0' => '',
  'sSearch_0' => '',
  'bRegex_0' => 'false',
  'bSearchable_0' => 'true',
  'bSortable_0' => 'false',
  'mDataProp_1' => 'UserName',
  'sSearch_1' => '',
  'bRegex_1' => 'false',
  'bSearchable_1' => 'true',
  'bSortable_1' => 'false',
  'mDataProp_2' => 'Name',
  'sSearch_2' => '',
  'bRegex_2' => 'false',
  'bSearchable_2' => 'true',
  'bSortable_2' => 'false',
  'mDataProp_3' => 'phone',
  'sSearch_3' => '',
  'bRegex_3' => 'false',
  'bSearchable_3' => 'true',
  'bSortable_3' => 'false',
  'mDataProp_4' => 'moblie',
  'sSearch_4' => '',
  'bRegex_4' => 'false',
  'bSearchable_4' => 'true',
  'bSortable_4' => 'false',
  'mDataProp_5' => 'CompanyName',
  'sSearch_5' => '',
  'bRegex_5' => 'false',
  'bSearchable_5' => 'true',
  'bSortable_5' => 'false',
  'mDataProp_6' => 'DeparName',
  'sSearch_6' => '',
  'bRegex_6' => 'false',
  'bSearchable_6' => 'true',
  'bSortable_6' => 'false',
  'mDataProp_7' => '',
  'sSearch_7' => '',
  'bRegex_7' => 'false',
  'bSearchable_7' => 'true',
  'bSortable_7' => 'false',
  'sSearch' => '',
  'bRegex' => 'false',
  'iSortCol_0' => '0',
  'sSortDir_0' => 'asc',
  'iSortingCols' => '1',
  '_' => '1489827149562',
)
[ info ] [ RUN ] app\index\controller\User->getUserByDepartID[ D:\apache2.4\httpd-2.4.23-win64-VC14\Apache24\htdocs\phpace\application\index\controller\User.php ]
[ info ] [ SESSION ] INIT array (
  'id' => '',
  'var_session_id' => 'sss',
  'prefix' => 'think',
  'type' => '',
  'auto_start' => true,
)
[ info ] [ DB ] INIT mysql
[ info ] [ LOG ] INIT File
[ sql ] [ DB ] CONNECT:[ UseTime:0.001000s ] mysql:dbname=phpce;host=127.0.0.1;port=3306;charset=utf8
[ sql ] [ SQL ] SELECT users.UserName UserName, users.phone phone, users.moblie moblie, depart.ShortName CompanyName, depart.OrganizationName DeparName, users.Names AS Name FROM ce_department AS depart, ce_user AS users WHERE depart.ID = users.DepartmentID AND depart.IsDelete = 0 AND users.IsDelete = 0 AND depart.ID = 1  limit 0 , 10 [ RunTime:0.001000s ]
[ sql ] [ SQL ] SELECT count(0) UserSize  FROM  ce_department AS depart, ce_user AS users WHERE depart.ID = users.DepartmentID AND depart.IsDelete = 0  AND users.IsDelete = 0  AND depart.ID = 1 [ RunTime:0.001000s ]

---------------------------------------------------------------
[ 2017-03-18T16:52:34+08:00 ] ::1 ::1 GET /phpace/public/static/components/datatables.net-buttons-swf/index.swf
[ log ] localhost/phpace/public/static/components/datatables.net-buttons-swf/index.swf [运行时间：0.097005s][吞吐率：10.31req/s] [内存消耗：1,527.73kb] [文件加载：33]
[ info ] [ LANG ] D:\apache2.4\httpd-2.4.23-win64-VC14\Apache24\htdocs\phpace\thinkphp\lang\zh-cn.php
[ info ] [ ROUTE ] array (
  'type' => 'module',
  'module' => 
  array (
    0 => 'static',
    1 => 'components',
    2 => 'datatables.net-buttons-swf',
  ),
)
[ info ] [ HEADER ] array (
  'host' => 'localhost',
  'connection' => 'keep-alive',
  'user-agent' => 'Mozilla/5.0 (Windows NT 6.1; WOW64) AppleWebKit/537.36 (KHTML, like Gecko) Chrome/56.0.2924.87 Safari/537.36',
  'x-requested-with' => 'ShockwaveFlash/23.0.0.207',
  'accept' => '*/*',
  'referer' => 'http://localhost/phpace/public/',
  'accept-encoding' => 'gzip, deflate, sdch, br',
  'accept-language' => 'zh-CN,zh;q=0.8',
  'cookie' => 'PHPSESSID=ae9sc1rsacug6tfjpbcljqtgk0',
)
[ info ] [ PARAM ] array (
)
[ info ] [ LOG ] INIT File

---------------------------------------------------------------
[ 2017-03-18T16:52:34+08:00 ] ::1 ::1 GET /phpace/public/static/components/datatables.net-buttons-swf/index.swf
[ log ] localhost/phpace/public/static/components/datatables.net-buttons-swf/index.swf [运行时间：0.068004s][吞吐率：14.71req/s] [内存消耗：1,527.73kb] [文件加载：33]
[ info ] [ LANG ] D:\apache2.4\httpd-2.4.23-win64-VC14\Apache24\htdocs\phpace\thinkphp\lang\zh-cn.php
[ info ] [ ROUTE ] array (
  'type' => 'module',
  'module' => 
  array (
    0 => 'static',
    1 => 'components',
    2 => 'datatables.net-buttons-swf',
  ),
)
[ info ] [ HEADER ] array (
  'host' => 'localhost',
  'connection' => 'keep-alive',
  'user-agent' => 'Mozilla/5.0 (Windows NT 6.1; WOW64) AppleWebKit/537.36 (KHTML, like Gecko) Chrome/56.0.2924.87 Safari/537.36',
  'x-requested-with' => 'ShockwaveFlash/23.0.0.207',
  'accept' => '*/*',
  'referer' => 'http://localhost/phpace/public/',
  'accept-encoding' => 'gzip, deflate, sdch, br',
  'accept-language' => 'zh-CN,zh;q=0.8',
  'cookie' => 'PHPSESSID=ae9sc1rsacug6tfjpbcljqtgk0',
)
[ info ] [ PARAM ] array (
)
[ info ] [ LOG ] INIT File

---------------------------------------------------------------
[ 2017-03-18T16:52:59+08:00 ] ::1 ::1 GET /phpace/public/
[ log ] localhost/phpace/public/ [运行时间：0.095005s][吞吐率：10.53req/s] [内存消耗：2,549.71kb] [文件加载：46]
[ info ] [ LANG ] D:\apache2.4\httpd-2.4.23-win64-VC14\Apache24\htdocs\phpace\thinkphp\lang\zh-cn.php
[ info ] [ ROUTE ] array (
  'type' => 'module',
  'module' => 
  array (
    0 => '',
    1 => NULL,
    2 => NULL,
  ),
)
[ info ] [ HEADER ] array (
  'host' => 'localhost',
  'connection' => 'keep-alive',
  'cache-control' => 'max-age=0',
  'upgrade-insecure-requests' => '1',
  'user-agent' => 'Mozilla/5.0 (Windows NT 6.1; WOW64) AppleWebKit/537.36 (KHTML, like Gecko) Chrome/56.0.2924.87 Safari/537.36',
  'accept' => 'text/html,application/xhtml+xml,application/xml;q=0.9,image/webp,*/*;q=0.8',
  'referer' => 'http://localhost/phpace/public/',
  'accept-encoding' => 'gzip, deflate, sdch, br',
  'accept-language' => 'zh-CN,zh;q=0.8',
  'cookie' => 'PHPSESSID=ae9sc1rsacug6tfjpbcljqtgk0',
)
[ info ] [ PARAM ] array (
)
[ info ] [ RUN ] app\index\controller\Index->index[ D:\apache2.4\httpd-2.4.23-win64-VC14\Apache24\htdocs\phpace\application\index\controller\Index.php ]
[ info ] [ SESSION ] INIT array (
  'id' => '',
  'var_session_id' => 'sss',
  'prefix' => 'think',
  'type' => '',
  'auto_start' => true,
)
[ info ] [ DB ] INIT mysql
[ info ] [ VIEW ] D:\apache2.4\httpd-2.4.23-win64-VC14\Apache24\htdocs\phpace\public/../application/index\view\index\index.html [ array (
  0 => 'menuhtml',
) ]
[ info ] [ LOG ] INIT File
[ sql ] [ DB ] CONNECT:[ UseTime:0.010001s ] mysql:dbname=phpce;host=127.0.0.1;port=3306;charset=utf8
[ sql ] [ SQL ] SELECT DISTINCT 	menu.MenuID AS menuID, 	menu.MenuName AS MenuName, 	menu.ParentID AS ParentID, 	menu.Flag AS Flag, 	menu.URL AS URL FROM 	ce_menu AS menu, 	ce_menu_role AS menu_role WHERE 	menu.MenuID = menu_role.MenuID AND menu_role.IsDelete = 0 AND menu.IsDelete =0 AND menu.Flag =0 AND menu_role.RoleID =1 Order by menu.MenuID ASC [ RunTime:0.001000s ]
[ error ] [8]未定义数组下标: 4[D:\apache2.4\httpd-2.4.23-win64-VC14\Apache24\htdocs\phpace\extend\lib\html\BuildMenuHtml.php:34]
[ error ] [8]未定义数组下标: 5[D:\apache2.4\httpd-2.4.23-win64-VC14\Apache24\htdocs\phpace\extend\lib\html\BuildMenuHtml.php:34]
[ error ] [8]未定义数组下标: 6[D:\apache2.4\httpd-2.4.23-win64-VC14\Apache24\htdocs\phpace\extend\lib\html\BuildMenuHtml.php:34]
[ error ] [8]未定义数组下标: 7[D:\apache2.4\httpd-2.4.23-win64-VC14\Apache24\htdocs\phpace\extend\lib\html\BuildMenuHtml.php:34]
[ error ] [8]未定义数组下标: 9[D:\apache2.4\httpd-2.4.23-win64-VC14\Apache24\htdocs\phpace\extend\lib\html\BuildMenuHtml.php:34]
[ error ] [8]未定义数组下标: 10[D:\apache2.4\httpd-2.4.23-win64-VC14\Apache24\htdocs\phpace\extend\lib\html\BuildMenuHtml.php:34]
[ error ] [8]未定义数组下标: 11[D:\apache2.4\httpd-2.4.23-win64-VC14\Apache24\htdocs\phpace\extend\lib\html\BuildMenuHtml.php:34]
[ error ] [8]未定义数组下标: 12[D:\apache2.4\httpd-2.4.23-win64-VC14\Apache24\htdocs\phpace\extend\lib\html\BuildMenuHtml.php:34]
[ error ] [8]未定义数组下标: 13[D:\apache2.4\httpd-2.4.23-win64-VC14\Apache24\htdocs\phpace\extend\lib\html\BuildMenuHtml.php:34]
[ error ] [8]未定义数组下标: 14[D:\apache2.4\httpd-2.4.23-win64-VC14\Apache24\htdocs\phpace\extend\lib\html\BuildMenuHtml.php:34]
[ error ] [8]未定义数组下标: 17[D:\apache2.4\httpd-2.4.23-win64-VC14\Apache24\htdocs\phpace\extend\lib\html\BuildMenuHtml.php:34]
[ error ] [8]未定义数组下标: 15[D:\apache2.4\httpd-2.4.23-win64-VC14\Apache24\htdocs\phpace\extend\lib\html\BuildMenuHtml.php:34]
[ error ] [8]未定义数组下标: 19[D:\apache2.4\httpd-2.4.23-win64-VC14\Apache24\htdocs\phpace\extend\lib\html\BuildMenuHtml.php:34]

---------------------------------------------------------------
[ 2017-03-18T16:52:59+08:00 ] ::1 ::1 GET /phpace/public//index/User/index/
[ log ] localhost/phpace/public//index/User/index/ [运行时间：0.080005s][吞吐率：12.50req/s] [内存消耗：2,054.36kb] [文件加载：38]
[ info ] [ LANG ] D:\apache2.4\httpd-2.4.23-win64-VC14\Apache24\htdocs\phpace\thinkphp\lang\zh-cn.php
[ info ] [ ROUTE ] array (
  'type' => 'module',
  'module' => 
  array (
    0 => 'index',
    1 => 'User',
    2 => 'index',
  ),
)
[ info ] [ HEADER ] array (
  'host' => 'localhost',
  'connection' => 'keep-alive',
  'accept' => '*/*',
  'x-requested-with' => 'XMLHttpRequest',
  'user-agent' => 'Mozilla/5.0 (Windows NT 6.1; WOW64) AppleWebKit/537.36 (KHTML, like Gecko) Chrome/56.0.2924.87 Safari/537.36',
  'referer' => 'http://localhost/phpace/public/',
  'accept-encoding' => 'gzip, deflate, sdch, br',
  'accept-language' => 'zh-CN,zh;q=0.8',
  'cookie' => 'PHPSESSID=ae9sc1rsacug6tfjpbcljqtgk0',
)
[ info ] [ PARAM ] array (
)
[ info ] [ RUN ] app\index\controller\User->index[ D:\apache2.4\httpd-2.4.23-win64-VC14\Apache24\htdocs\phpace\application\index\controller\User.php ]
[ info ] [ SESSION ] INIT array (
  'id' => '',
  'var_session_id' => 'sss',
  'prefix' => 'think',
  'type' => '',
  'auto_start' => true,
)
[ info ] [ VIEW ] D:\apache2.4\httpd-2.4.23-win64-VC14\Apache24\htdocs\phpace\public/../application/index\view\user\index.html [ array (
) ]
[ info ] [ LOG ] INIT File

---------------------------------------------------------------
[ 2017-03-18T16:53:00+08:00 ] ::1 ::1 POST /phpace/public/index/Department/getDeparList
[ log ] localhost/phpace/public/index/Department/getDeparList [运行时间：0.090005s][吞吐率：11.11req/s] [内存消耗：2,799.55kb] [文件加载：40]
[ info ] [ LANG ] D:\apache2.4\httpd-2.4.23-win64-VC14\Apache24\htdocs\phpace\thinkphp\lang\zh-cn.php
[ info ] [ ROUTE ] array (
  'type' => 'module',
  'module' => 
  array (
    0 => 'index',
    1 => 'Department',
    2 => 'getDeparList',
  ),
)
[ info ] [ HEADER ] array (
  'host' => 'localhost',
  'connection' => 'keep-alive',
  'content-length' => '4',
  'accept' => 'application/json, text/javascript, */*; q=0.01',
  'origin' => 'http://localhost',
  'x-requested-with' => 'XMLHttpRequest',
  'user-agent' => 'Mozilla/5.0 (Windows NT 6.1; WOW64) AppleWebKit/537.36 (KHTML, like Gecko) Chrome/56.0.2924.87 Safari/537.36',
  'content-type' => 'application/x-www-form-urlencoded; charset=UTF-8',
  'referer' => 'http://localhost/phpace/public/',
  'accept-encoding' => 'gzip, deflate, br',
  'accept-language' => 'zh-CN,zh;q=0.8',
  'cookie' => 'PHPSESSID=ae9sc1rsacug6tfjpbcljqtgk0',
)
[ info ] [ PARAM ] array (
  'id' => '0',
)
[ info ] [ RUN ] app\index\controller\Department->getDeparList[ D:\apache2.4\httpd-2.4.23-win64-VC14\Apache24\htdocs\phpace\application\index\controller\Department.php ]
[ info ] [ SESSION ] INIT array (
  'id' => '',
  'var_session_id' => 'sss',
  'prefix' => 'think',
  'type' => '',
  'auto_start' => true,
)
[ info ] [ DB ] INIT mysql
[ info ] [ LOG ] INIT File
[ sql ] [ DB ] CONNECT:[ UseTime:0.001000s ] mysql:dbname=phpce;host=127.0.0.1;port=3306;charset=utf8
[ sql ] [ SQL ] SELECT 	c.*, 	(		SELECT			COUNT(*) 		FROM 			ce_department c2 		WHERE 			c2.ParentID = c.ID 	) AS child_count FROM 	ce_department c WHERE 	c.ParentID = 0 [ RunTime:0.001000s ]

---------------------------------------------------------------
[ 2017-03-18T16:53:00+08:00 ] ::1 ::1 POST /phpace/public/index/Department/getDeparList
[ log ] localhost/phpace/public/index/Department/getDeparList [运行时间：0.114006s][吞吐率：8.77req/s] [内存消耗：2,799.55kb] [文件加载：40]
[ info ] [ LANG ] D:\apache2.4\httpd-2.4.23-win64-VC14\Apache24\htdocs\phpace\thinkphp\lang\zh-cn.php
[ info ] [ ROUTE ] array (
  'type' => 'module',
  'module' => 
  array (
    0 => 'index',
    1 => 'Department',
    2 => 'getDeparList',
  ),
)
[ info ] [ HEADER ] array (
  'host' => 'localhost',
  'connection' => 'keep-alive',
  'content-length' => '4',
  'accept' => 'application/json, text/javascript, */*; q=0.01',
  'origin' => 'http://localhost',
  'x-requested-with' => 'XMLHttpRequest',
  'user-agent' => 'Mozilla/5.0 (Windows NT 6.1; WOW64) AppleWebKit/537.36 (KHTML, like Gecko) Chrome/56.0.2924.87 Safari/537.36',
  'content-type' => 'application/x-www-form-urlencoded; charset=UTF-8',
  'referer' => 'http://localhost/phpace/public/',
  'accept-encoding' => 'gzip, deflate, br',
  'accept-language' => 'zh-CN,zh;q=0.8',
  'cookie' => 'PHPSESSID=ae9sc1rsacug6tfjpbcljqtgk0',
)
[ info ] [ PARAM ] array (
  'id' => '0',
)
[ info ] [ RUN ] app\index\controller\Department->getDeparList[ D:\apache2.4\httpd-2.4.23-win64-VC14\Apache24\htdocs\phpace\application\index\controller\Department.php ]
[ info ] [ SESSION ] INIT array (
  'id' => '',
  'var_session_id' => 'sss',
  'prefix' => 'think',
  'type' => '',
  'auto_start' => true,
)
[ info ] [ DB ] INIT mysql
[ info ] [ LOG ] INIT File
[ sql ] [ DB ] CONNECT:[ UseTime:0.001000s ] mysql:dbname=phpce;host=127.0.0.1;port=3306;charset=utf8
[ sql ] [ SQL ] SELECT 	c.*, 	(		SELECT			COUNT(*) 		FROM 			ce_department c2 		WHERE 			c2.ParentID = c.ID 	) AS child_count FROM 	ce_department c WHERE 	c.ParentID = 0 [ RunTime:0.001000s ]

---------------------------------------------------------------
[ 2017-03-18T16:53:00+08:00 ] ::1 ::1 GET /phpace/public/index/User/getUserByDepartID?id=0&sEcho=1&iColumns=8&sColumns=%2C%2C%2C%2C%2C%2C%2C&iDisplayStart=0&iDisplayLength=10&mDataProp_0=&sSearch_0=&bRegex_0=false&bSearchable_0=true&bSortable_0=false&mDataProp_1=UserName&sSearch_1=&bRegex_1=false&bSearchable_1=true&bSortable_1=false&mDataProp_2=Name&sSearch_2=&bRegex_2=false&bSearchable_2=true&bSortable_2=false&mDataProp_3=phone&sSearch_3=&bRegex_3=false&bSearchable_3=true&bSortable_3=false&mDataProp_4=moblie&sSearch_4=&bRegex_4=false&bSearchable_4=true&bSortable_4=false&mDataProp_5=CompanyName&sSearch_5=&bRegex_5=false&bSearchable_5=true&bSortable_5=false&mDataProp_6=DeparName&sSearch_6=&bRegex_6=false&bSearchable_6=true&bSortable_6=false&mDataProp_7=&sSearch_7=&bRegex_7=false&bSearchable_7=true&bSortable_7=false&sSearch=&bRegex=false&iSortCol_0=0&sSortDir_0=asc&iSortingCols=1&_=1489827179666
[ log ] localhost/phpace/public/index/User/getUserByDepartID?id=0&sEcho=1&iColumns=8&sColumns=%2C%2C%2C%2C%2C%2C%2C&iDisplayStart=0&iDisplayLength=10&mDataProp_0=&sSearch_0=&bRegex_0=false&bSearchable_0=true&bSortable_0=false&mDataProp_1=UserName&sSearch_1=&bRegex_1=false&bSearchable_1=true&bSortable_1=false&mDataProp_2=Name&sSearch_2=&bRegex_2=false&bSearchable_2=true&bSortable_2=false&mDataProp_3=phone&sSearch_3=&bRegex_3=false&bSearchable_3=true&bSortable_3=false&mDataProp_4=moblie&sSearch_4=&bRegex_4=false&bSearchable_4=true&bSortable_4=false&mDataProp_5=CompanyName&sSearch_5=&bRegex_5=false&bSearchable_5=true&bSortable_5=false&mDataProp_6=DeparName&sSearch_6=&bRegex_6=false&bSearchable_6=true&bSortable_6=false&mDataProp_7=&sSearch_7=&bRegex_7=false&bSearchable_7=true&bSortable_7=false&sSearch=&bRegex=false&iSortCol_0=0&sSortDir_0=asc&iSortingCols=1&_=1489827179666 [运行时间：0.083005s][吞吐率：12.05req/s] [内存消耗：2,798.07kb] [文件加载：40]
[ info ] [ LANG ] D:\apache2.4\httpd-2.4.23-win64-VC14\Apache24\htdocs\phpace\thinkphp\lang\zh-cn.php
[ info ] [ ROUTE ] array (
  'type' => 'module',
  'module' => 
  array (
    0 => 'index',
    1 => 'User',
    2 => 'getUserByDepartID',
  ),
)
[ info ] [ HEADER ] array (
  'host' => 'localhost',
  'connection' => 'keep-alive',
  'accept' => 'application/json, text/javascript, */*; q=0.01',
  'x-requested-with' => 'XMLHttpRequest',
  'user-agent' => 'Mozilla/5.0 (Windows NT 6.1; WOW64) AppleWebKit/537.36 (KHTML, like Gecko) Chrome/56.0.2924.87 Safari/537.36',
  'referer' => 'http://localhost/phpace/public/',
  'accept-encoding' => 'gzip, deflate, sdch, br',
  'accept-language' => 'zh-CN,zh;q=0.8',
  'cookie' => 'PHPSESSID=ae9sc1rsacug6tfjpbcljqtgk0',
)
[ info ] [ PARAM ] array (
  'id' => '0',
  'sEcho' => '1',
  'iColumns' => '8',
  'sColumns' => ',,,,,,,',
  'iDisplayStart' => '0',
  'iDisplayLength' => '10',
  'mDataProp_0' => '',
  'sSearch_0' => '',
  'bRegex_0' => 'false',
  'bSearchable_0' => 'true',
  'bSortable_0' => 'false',
  'mDataProp_1' => 'UserName',
  'sSearch_1' => '',
  'bRegex_1' => 'false',
  'bSearchable_1' => 'true',
  'bSortable_1' => 'false',
  'mDataProp_2' => 'Name',
  'sSearch_2' => '',
  'bRegex_2' => 'false',
  'bSearchable_2' => 'true',
  'bSortable_2' => 'false',
  'mDataProp_3' => 'phone',
  'sSearch_3' => '',
  'bRegex_3' => 'false',
  'bSearchable_3' => 'true',
  'bSortable_3' => 'false',
  'mDataProp_4' => 'moblie',
  'sSearch_4' => '',
  'bRegex_4' => 'false',
  'bSearchable_4' => 'true',
  'bSortable_4' => 'false',
  'mDataProp_5' => 'CompanyName',
  'sSearch_5' => '',
  'bRegex_5' => 'false',
  'bSearchable_5' => 'true',
  'bSortable_5' => 'false',
  'mDataProp_6' => 'DeparName',
  'sSearch_6' => '',
  'bRegex_6' => 'false',
  'bSearchable_6' => 'true',
  'bSortable_6' => 'false',
  'mDataProp_7' => '',
  'sSearch_7' => '',
  'bRegex_7' => 'false',
  'bSearchable_7' => 'true',
  'bSortable_7' => 'false',
  'sSearch' => '',
  'bRegex' => 'false',
  'iSortCol_0' => '0',
  'sSortDir_0' => 'asc',
  'iSortingCols' => '1',
  '_' => '1489827179666',
)
[ info ] [ RUN ] app\index\controller\User->getUserByDepartID[ D:\apache2.4\httpd-2.4.23-win64-VC14\Apache24\htdocs\phpace\application\index\controller\User.php ]
[ info ] [ SESSION ] INIT array (
  'id' => '',
  'var_session_id' => 'sss',
  'prefix' => 'think',
  'type' => '',
  'auto_start' => true,
)
[ info ] [ DB ] INIT mysql
[ info ] [ LOG ] INIT File
[ sql ] [ DB ] CONNECT:[ UseTime:0.001000s ] mysql:dbname=phpce;host=127.0.0.1;port=3306;charset=utf8
[ sql ] [ SQL ] SELECT users.UserName UserName, users.phone phone, users.moblie moblie, depart.ShortName CompanyName, depart.OrganizationName DeparName, users.Names AS Name FROM ce_department AS depart, ce_user AS users WHERE depart.ID = users.DepartmentID AND depart.IsDelete = 0 AND users.IsDelete = 0 AND depart.ID = 1  limit 0 , 10 [ RunTime:0.001001s ]
[ sql ] [ SQL ] SELECT count(0) UserSize  FROM  ce_department AS depart, ce_user AS users WHERE depart.ID = users.DepartmentID AND depart.IsDelete = 0  AND users.IsDelete = 0  AND depart.ID = 1 [ RunTime:0.000000s ]

---------------------------------------------------------------
[ 2017-03-18T16:53:24+08:00 ] ::1 ::1 GET /phpace/public/static/components/bootstrap-datepicker/dist/css/bootstrap-datepicker3.css.map
[ log ] localhost/phpace/public/static/components/bootstrap-datepicker/dist/css/bootstrap-datepicker3.css.map [运行时间：0.055003s][吞吐率：18.18req/s] [内存消耗：1,527.78kb] [文件加载：33]
[ info ] [ LANG ] D:\apache2.4\httpd-2.4.23-win64-VC14\Apache24\htdocs\phpace\thinkphp\lang\zh-cn.php
[ info ] [ ROUTE ] array (
  'type' => 'module',
  'module' => 
  array (
    0 => 'static',
    1 => 'components',
    2 => 'bootstrap-datepicker',
  ),
)
[ info ] [ HEADER ] array (
  'host' => 'localhost',
  'connection' => 'keep-alive',
  'user-agent' => 'Mozilla/5.0 (Windows NT 6.1; WOW64) AppleWebKit/537.36 (KHTML, like Gecko) Chrome/56.0.2924.87 Safari/537.36',
  'accept-encoding' => 'gzip, deflate, sdch, br',
  'accept-language' => 'zh-CN,zh;q=0.8',
  'cookie' => 'PHPSESSID=ae9sc1rsacug6tfjpbcljqtgk0',
)
[ info ] [ PARAM ] array (
  'dist' => 'css',
)
[ info ] [ LOG ] INIT File

---------------------------------------------------------------
[ 2017-03-18T16:53:27+08:00 ] ::1 ::1 GET /phpace/public/
[ log ] localhost/phpace/public/ [运行时间：0.099006s][吞吐率：10.10req/s] [内存消耗：2,549.71kb] [文件加载：46]
[ info ] [ LANG ] D:\apache2.4\httpd-2.4.23-win64-VC14\Apache24\htdocs\phpace\thinkphp\lang\zh-cn.php
[ info ] [ ROUTE ] array (
  'type' => 'module',
  'module' => 
  array (
    0 => '',
    1 => NULL,
    2 => NULL,
  ),
)
[ info ] [ HEADER ] array (
  'host' => 'localhost',
  'connection' => 'keep-alive',
  'cache-control' => 'max-age=0',
  'upgrade-insecure-requests' => '1',
  'user-agent' => 'Mozilla/5.0 (Windows NT 6.1; WOW64) AppleWebKit/537.36 (KHTML, like Gecko) Chrome/56.0.2924.87 Safari/537.36',
  'accept' => 'text/html,application/xhtml+xml,application/xml;q=0.9,image/webp,*/*;q=0.8',
  'referer' => 'http://localhost/phpace/public/',
  'accept-encoding' => 'gzip, deflate, sdch, br',
  'accept-language' => 'zh-CN,zh;q=0.8',
  'cookie' => 'PHPSESSID=ae9sc1rsacug6tfjpbcljqtgk0',
)
[ info ] [ PARAM ] array (
)
[ info ] [ RUN ] app\index\controller\Index->index[ D:\apache2.4\httpd-2.4.23-win64-VC14\Apache24\htdocs\phpace\application\index\controller\Index.php ]
[ info ] [ SESSION ] INIT array (
  'id' => '',
  'var_session_id' => 'sss',
  'prefix' => 'think',
  'type' => '',
  'auto_start' => true,
)
[ info ] [ DB ] INIT mysql
[ info ] [ VIEW ] D:\apache2.4\httpd-2.4.23-win64-VC14\Apache24\htdocs\phpace\public/../application/index\view\index\index.html [ array (
  0 => 'menuhtml',
) ]
[ info ] [ LOG ] INIT File
[ sql ] [ DB ] CONNECT:[ UseTime:0.002000s ] mysql:dbname=phpce;host=127.0.0.1;port=3306;charset=utf8
[ sql ] [ SQL ] SELECT DISTINCT 	menu.MenuID AS menuID, 	menu.MenuName AS MenuName, 	menu.ParentID AS ParentID, 	menu.Flag AS Flag, 	menu.URL AS URL FROM 	ce_menu AS menu, 	ce_menu_role AS menu_role WHERE 	menu.MenuID = menu_role.MenuID AND menu_role.IsDelete = 0 AND menu.IsDelete =0 AND menu.Flag =0 AND menu_role.RoleID =1 Order by menu.MenuID ASC [ RunTime:0.003000s ]
[ error ] [8]未定义数组下标: 4[D:\apache2.4\httpd-2.4.23-win64-VC14\Apache24\htdocs\phpace\extend\lib\html\BuildMenuHtml.php:34]
[ error ] [8]未定义数组下标: 5[D:\apache2.4\httpd-2.4.23-win64-VC14\Apache24\htdocs\phpace\extend\lib\html\BuildMenuHtml.php:34]
[ error ] [8]未定义数组下标: 6[D:\apache2.4\httpd-2.4.23-win64-VC14\Apache24\htdocs\phpace\extend\lib\html\BuildMenuHtml.php:34]
[ error ] [8]未定义数组下标: 7[D:\apache2.4\httpd-2.4.23-win64-VC14\Apache24\htdocs\phpace\extend\lib\html\BuildMenuHtml.php:34]
[ error ] [8]未定义数组下标: 9[D:\apache2.4\httpd-2.4.23-win64-VC14\Apache24\htdocs\phpace\extend\lib\html\BuildMenuHtml.php:34]
[ error ] [8]未定义数组下标: 10[D:\apache2.4\httpd-2.4.23-win64-VC14\Apache24\htdocs\phpace\extend\lib\html\BuildMenuHtml.php:34]
[ error ] [8]未定义数组下标: 11[D:\apache2.4\httpd-2.4.23-win64-VC14\Apache24\htdocs\phpace\extend\lib\html\BuildMenuHtml.php:34]
[ error ] [8]未定义数组下标: 12[D:\apache2.4\httpd-2.4.23-win64-VC14\Apache24\htdocs\phpace\extend\lib\html\BuildMenuHtml.php:34]
[ error ] [8]未定义数组下标: 13[D:\apache2.4\httpd-2.4.23-win64-VC14\Apache24\htdocs\phpace\extend\lib\html\BuildMenuHtml.php:34]
[ error ] [8]未定义数组下标: 14[D:\apache2.4\httpd-2.4.23-win64-VC14\Apache24\htdocs\phpace\extend\lib\html\BuildMenuHtml.php:34]
[ error ] [8]未定义数组下标: 17[D:\apache2.4\httpd-2.4.23-win64-VC14\Apache24\htdocs\phpace\extend\lib\html\BuildMenuHtml.php:34]
[ error ] [8]未定义数组下标: 15[D:\apache2.4\httpd-2.4.23-win64-VC14\Apache24\htdocs\phpace\extend\lib\html\BuildMenuHtml.php:34]
[ error ] [8]未定义数组下标: 19[D:\apache2.4\httpd-2.4.23-win64-VC14\Apache24\htdocs\phpace\extend\lib\html\BuildMenuHtml.php:34]

---------------------------------------------------------------
[ 2017-03-18T16:53:28+08:00 ] ::1 ::1 GET /phpace/public/static/components/bootstrap-datepicker/dist/css/bootstrap-datepicker3.css.map
[ log ] localhost/phpace/public/static/components/bootstrap-datepicker/dist/css/bootstrap-datepicker3.css.map [运行时间：0.101006s][吞吐率：9.90req/s] [内存消耗：1,527.78kb] [文件加载：33]
[ info ] [ LANG ] D:\apache2.4\httpd-2.4.23-win64-VC14\Apache24\htdocs\phpace\thinkphp\lang\zh-cn.php
[ info ] [ ROUTE ] array (
  'type' => 'module',
  'module' => 
  array (
    0 => 'static',
    1 => 'components',
    2 => 'bootstrap-datepicker',
  ),
)
[ info ] [ HEADER ] array (
  'host' => 'localhost',
  'connection' => 'keep-alive',
  'user-agent' => 'Mozilla/5.0 (Windows NT 6.1; WOW64) AppleWebKit/537.36 (KHTML, like Gecko) Chrome/56.0.2924.87 Safari/537.36',
  'accept-encoding' => 'gzip, deflate, sdch, br',
  'accept-language' => 'zh-CN,zh;q=0.8',
  'cookie' => 'PHPSESSID=ae9sc1rsacug6tfjpbcljqtgk0',
)
[ info ] [ PARAM ] array (
  'dist' => 'css',
)
[ info ] [ LOG ] INIT File

---------------------------------------------------------------
[ 2017-03-18T16:53:28+08:00 ] ::1 ::1 GET /phpace/public//index/User/index/
[ log ] localhost/phpace/public//index/User/index/ [运行时间：0.110006s][吞吐率：9.09req/s] [内存消耗：1,806.69kb] [文件加载：36]
[ info ] [ LANG ] D:\apache2.4\httpd-2.4.23-win64-VC14\Apache24\htdocs\phpace\thinkphp\lang\zh-cn.php
[ info ] [ ROUTE ] array (
  'type' => 'module',
  'module' => 
  array (
    0 => 'index',
    1 => 'User',
    2 => 'index',
  ),
)
[ info ] [ HEADER ] array (
  'host' => 'localhost',
  'connection' => 'keep-alive',
  'accept' => '*/*',
  'x-requested-with' => 'XMLHttpRequest',
  'user-agent' => 'Mozilla/5.0 (Windows NT 6.1; WOW64) AppleWebKit/537.36 (KHTML, like Gecko) Chrome/56.0.2924.87 Safari/537.36',
  'referer' => 'http://localhost/phpace/public/',
  'accept-encoding' => 'gzip, deflate, sdch, br',
  'accept-language' => 'zh-CN,zh;q=0.8',
  'cookie' => 'PHPSESSID=ae9sc1rsacug6tfjpbcljqtgk0',
)
[ info ] [ PARAM ] array (
)
[ info ] [ RUN ] app\index\controller\User->index[ D:\apache2.4\httpd-2.4.23-win64-VC14\Apache24\htdocs\phpace\application\index\controller\User.php ]
[ info ] [ SESSION ] INIT array (
  'id' => '',
  'var_session_id' => 'sss',
  'prefix' => 'think',
  'type' => '',
  'auto_start' => true,
)
[ info ] [ VIEW ] D:\apache2.4\httpd-2.4.23-win64-VC14\Apache24\htdocs\phpace\public/../application/index\view\user\index.html [ array (
) ]
[ info ] [ LOG ] INIT File

---------------------------------------------------------------
[ 2017-03-18T16:53:30+08:00 ] ::1 ::1 POST /phpace/public/index/Department/getDeparList
[ log ] localhost/phpace/public/index/Department/getDeparList [运行时间：0.066004s][吞吐率：15.15req/s] [内存消耗：2,799.55kb] [文件加载：40]
[ info ] [ LANG ] D:\apache2.4\httpd-2.4.23-win64-VC14\Apache24\htdocs\phpace\thinkphp\lang\zh-cn.php
[ info ] [ ROUTE ] array (
  'type' => 'module',
  'module' => 
  array (
    0 => 'index',
    1 => 'Department',
    2 => 'getDeparList',
  ),
)
[ info ] [ HEADER ] array (
  'host' => 'localhost',
  'connection' => 'keep-alive',
  'content-length' => '4',
  'accept' => 'application/json, text/javascript, */*; q=0.01',
  'origin' => 'http://localhost',
  'x-requested-with' => 'XMLHttpRequest',
  'user-agent' => 'Mozilla/5.0 (Windows NT 6.1; WOW64) AppleWebKit/537.36 (KHTML, like Gecko) Chrome/56.0.2924.87 Safari/537.36',
  'content-type' => 'application/x-www-form-urlencoded; charset=UTF-8',
  'referer' => 'http://localhost/phpace/public/',
  'accept-encoding' => 'gzip, deflate, br',
  'accept-language' => 'zh-CN,zh;q=0.8',
  'cookie' => 'PHPSESSID=ae9sc1rsacug6tfjpbcljqtgk0',
)
[ info ] [ PARAM ] array (
  'id' => '0',
)
[ info ] [ RUN ] app\index\controller\Department->getDeparList[ D:\apache2.4\httpd-2.4.23-win64-VC14\Apache24\htdocs\phpace\application\index\controller\Department.php ]
[ info ] [ SESSION ] INIT array (
  'id' => '',
  'var_session_id' => 'sss',
  'prefix' => 'think',
  'type' => '',
  'auto_start' => true,
)
[ info ] [ DB ] INIT mysql
[ info ] [ LOG ] INIT File
[ sql ] [ DB ] CONNECT:[ UseTime:0.008000s ] mysql:dbname=phpce;host=127.0.0.1;port=3306;charset=utf8
[ sql ] [ SQL ] SELECT 	c.*, 	(		SELECT			COUNT(*) 		FROM 			ce_department c2 		WHERE 			c2.ParentID = c.ID 	) AS child_count FROM 	ce_department c WHERE 	c.ParentID = 0 [ RunTime:0.003001s ]

---------------------------------------------------------------
[ 2017-03-18T16:53:30+08:00 ] ::1 ::1 POST /phpace/public/index/Department/getDeparList
[ log ] localhost/phpace/public/index/Department/getDeparList [运行时间：0.125007s][吞吐率：8.00req/s] [内存消耗：2,799.55kb] [文件加载：40]
[ info ] [ LANG ] D:\apache2.4\httpd-2.4.23-win64-VC14\Apache24\htdocs\phpace\thinkphp\lang\zh-cn.php
[ info ] [ ROUTE ] array (
  'type' => 'module',
  'module' => 
  array (
    0 => 'index',
    1 => 'Department',
    2 => 'getDeparList',
  ),
)
[ info ] [ HEADER ] array (
  'host' => 'localhost',
  'connection' => 'keep-alive',
  'content-length' => '4',
  'accept' => 'application/json, text/javascript, */*; q=0.01',
  'origin' => 'http://localhost',
  'x-requested-with' => 'XMLHttpRequest',
  'user-agent' => 'Mozilla/5.0 (Windows NT 6.1; WOW64) AppleWebKit/537.36 (KHTML, like Gecko) Chrome/56.0.2924.87 Safari/537.36',
  'content-type' => 'application/x-www-form-urlencoded; charset=UTF-8',
  'referer' => 'http://localhost/phpace/public/',
  'accept-encoding' => 'gzip, deflate, br',
  'accept-language' => 'zh-CN,zh;q=0.8',
  'cookie' => 'PHPSESSID=ae9sc1rsacug6tfjpbcljqtgk0',
)
[ info ] [ PARAM ] array (
  'id' => '0',
)
[ info ] [ RUN ] app\index\controller\Department->getDeparList[ D:\apache2.4\httpd-2.4.23-win64-VC14\Apache24\htdocs\phpace\application\index\controller\Department.php ]
[ info ] [ SESSION ] INIT array (
  'id' => '',
  'var_session_id' => 'sss',
  'prefix' => 'think',
  'type' => '',
  'auto_start' => true,
)
[ info ] [ DB ] INIT mysql
[ info ] [ LOG ] INIT File
[ sql ] [ DB ] CONNECT:[ UseTime:0.012001s ] mysql:dbname=phpce;host=127.0.0.1;port=3306;charset=utf8
[ sql ] [ SQL ] SELECT 	c.*, 	(		SELECT			COUNT(*) 		FROM 			ce_department c2 		WHERE 			c2.ParentID = c.ID 	) AS child_count FROM 	ce_department c WHERE 	c.ParentID = 0 [ RunTime:0.002000s ]

---------------------------------------------------------------
[ 2017-03-18T16:53:30+08:00 ] ::1 ::1 GET /phpace/public/index/User/getUserByDepartID?id=0&sEcho=1&iColumns=8&sColumns=%2C%2C%2C%2C%2C%2C%2C&iDisplayStart=0&iDisplayLength=10&mDataProp_0=&sSearch_0=&bRegex_0=false&bSearchable_0=true&bSortable_0=false&mDataProp_1=UserName&sSearch_1=&bRegex_1=false&bSearchable_1=true&bSortable_1=false&mDataProp_2=Name&sSearch_2=&bRegex_2=false&bSearchable_2=true&bSortable_2=false&mDataProp_3=phone&sSearch_3=&bRegex_3=false&bSearchable_3=true&bSortable_3=false&mDataProp_4=moblie&sSearch_4=&bRegex_4=false&bSearchable_4=true&bSortable_4=false&mDataProp_5=CompanyName&sSearch_5=&bRegex_5=false&bSearchable_5=true&bSortable_5=false&mDataProp_6=DeparName&sSearch_6=&bRegex_6=false&bSearchable_6=true&bSortable_6=false&mDataProp_7=&sSearch_7=&bRegex_7=false&bSearchable_7=true&bSortable_7=false&sSearch=&bRegex=false&iSortCol_0=0&sSortDir_0=asc&iSortingCols=1&_=1489827207680
[ log ] localhost/phpace/public/index/User/getUserByDepartID?id=0&sEcho=1&iColumns=8&sColumns=%2C%2C%2C%2C%2C%2C%2C&iDisplayStart=0&iDisplayLength=10&mDataProp_0=&sSearch_0=&bRegex_0=false&bSearchable_0=true&bSortable_0=false&mDataProp_1=UserName&sSearch_1=&bRegex_1=false&bSearchable_1=true&bSortable_1=false&mDataProp_2=Name&sSearch_2=&bRegex_2=false&bSearchable_2=true&bSortable_2=false&mDataProp_3=phone&sSearch_3=&bRegex_3=false&bSearchable_3=true&bSortable_3=false&mDataProp_4=moblie&sSearch_4=&bRegex_4=false&bSearchable_4=true&bSortable_4=false&mDataProp_5=CompanyName&sSearch_5=&bRegex_5=false&bSearchable_5=true&bSortable_5=false&mDataProp_6=DeparName&sSearch_6=&bRegex_6=false&bSearchable_6=true&bSortable_6=false&mDataProp_7=&sSearch_7=&bRegex_7=false&bSearchable_7=true&bSortable_7=false&sSearch=&bRegex=false&iSortCol_0=0&sSortDir_0=asc&iSortingCols=1&_=1489827207680 [运行时间：0.090006s][吞吐率：11.11req/s] [内存消耗：2,798.07kb] [文件加载：40]
[ info ] [ LANG ] D:\apache2.4\httpd-2.4.23-win64-VC14\Apache24\htdocs\phpace\thinkphp\lang\zh-cn.php
[ info ] [ ROUTE ] array (
  'type' => 'module',
  'module' => 
  array (
    0 => 'index',
    1 => 'User',
    2 => 'getUserByDepartID',
  ),
)
[ info ] [ HEADER ] array (
  'host' => 'localhost',
  'connection' => 'keep-alive',
  'accept' => 'application/json, text/javascript, */*; q=0.01',
  'x-requested-with' => 'XMLHttpRequest',
  'user-agent' => 'Mozilla/5.0 (Windows NT 6.1; WOW64) AppleWebKit/537.36 (KHTML, like Gecko) Chrome/56.0.2924.87 Safari/537.36',
  'referer' => 'http://localhost/phpace/public/',
  'accept-encoding' => 'gzip, deflate, sdch, br',
  'accept-language' => 'zh-CN,zh;q=0.8',
  'cookie' => 'PHPSESSID=ae9sc1rsacug6tfjpbcljqtgk0',
)
[ info ] [ PARAM ] array (
  'id' => '0',
  'sEcho' => '1',
  'iColumns' => '8',
  'sColumns' => ',,,,,,,',
  'iDisplayStart' => '0',
  'iDisplayLength' => '10',
  'mDataProp_0' => '',
  'sSearch_0' => '',
  'bRegex_0' => 'false',
  'bSearchable_0' => 'true',
  'bSortable_0' => 'false',
  'mDataProp_1' => 'UserName',
  'sSearch_1' => '',
  'bRegex_1' => 'false',
  'bSearchable_1' => 'true',
  'bSortable_1' => 'false',
  'mDataProp_2' => 'Name',
  'sSearch_2' => '',
  'bRegex_2' => 'false',
  'bSearchable_2' => 'true',
  'bSortable_2' => 'false',
  'mDataProp_3' => 'phone',
  'sSearch_3' => '',
  'bRegex_3' => 'false',
  'bSearchable_3' => 'true',
  'bSortable_3' => 'false',
  'mDataProp_4' => 'moblie',
  'sSearch_4' => '',
  'bRegex_4' => 'false',
  'bSearchable_4' => 'true',
  'bSortable_4' => 'false',
  'mDataProp_5' => 'CompanyName',
  'sSearch_5' => '',
  'bRegex_5' => 'false',
  'bSearchable_5' => 'true',
  'bSortable_5' => 'false',
  'mDataProp_6' => 'DeparName',
  'sSearch_6' => '',
  'bRegex_6' => 'false',
  'bSearchable_6' => 'true',
  'bSortable_6' => 'false',
  'mDataProp_7' => '',
  'sSearch_7' => '',
  'bRegex_7' => 'false',
  'bSearchable_7' => 'true',
  'bSortable_7' => 'false',
  'sSearch' => '',
  'bRegex' => 'false',
  'iSortCol_0' => '0',
  'sSortDir_0' => 'asc',
  'iSortingCols' => '1',
  '_' => '1489827207680',
)
[ info ] [ RUN ] app\index\controller\User->getUserByDepartID[ D:\apache2.4\httpd-2.4.23-win64-VC14\Apache24\htdocs\phpace\application\index\controller\User.php ]
[ info ] [ SESSION ] INIT array (
  'id' => '',
  'var_session_id' => 'sss',
  'prefix' => 'think',
  'type' => '',
  'auto_start' => true,
)
[ info ] [ DB ] INIT mysql
[ info ] [ LOG ] INIT File
[ sql ] [ DB ] CONNECT:[ UseTime:0.001000s ] mysql:dbname=phpce;host=127.0.0.1;port=3306;charset=utf8
[ sql ] [ SQL ] SELECT users.UserName UserName, users.phone phone, users.moblie moblie, depart.ShortName CompanyName, depart.OrganizationName DeparName, users.Names AS Name FROM ce_department AS depart, ce_user AS users WHERE depart.ID = users.DepartmentID AND depart.IsDelete = 0 AND users.IsDelete = 0 AND depart.ID = 1  limit 0 , 10 [ RunTime:0.002000s ]
[ sql ] [ SQL ] SELECT count(0) UserSize  FROM  ce_department AS depart, ce_user AS users WHERE depart.ID = users.DepartmentID AND depart.IsDelete = 0  AND users.IsDelete = 0  AND depart.ID = 1 [ RunTime:0.002000s ]

---------------------------------------------------------------
[ 2017-03-18T16:55:23+08:00 ] ::1 ::1 GET /phpace/public/static/components/datatables.net-buttons-swf/index.swf
[ log ] localhost/phpace/public/static/components/datatables.net-buttons-swf/index.swf [运行时间：0.131007s][吞吐率：7.63req/s] [内存消耗：1,527.73kb] [文件加载：33]
[ info ] [ LANG ] D:\apache2.4\httpd-2.4.23-win64-VC14\Apache24\htdocs\phpace\thinkphp\lang\zh-cn.php
[ info ] [ ROUTE ] array (
  'type' => 'module',
  'module' => 
  array (
    0 => 'static',
    1 => 'components',
    2 => 'datatables.net-buttons-swf',
  ),
)
[ info ] [ HEADER ] array (
  'host' => 'localhost',
  'connection' => 'keep-alive',
  'x-requested-with' => 'ShockwaveFlash/23.0.0.207',
  'user-agent' => 'Mozilla/5.0 (Windows NT 6.1; WOW64) AppleWebKit/537.36 (KHTML, like Gecko) Chrome/56.0.2924.87 Safari/537.36',
  'accept' => '*/*',
  'referer' => 'http://localhost/phpace/public/',
  'accept-encoding' => 'gzip, deflate, sdch, br',
  'accept-language' => 'zh-CN,zh;q=0.8',
  'cookie' => 'PHPSESSID=ae9sc1rsacug6tfjpbcljqtgk0',
)
[ info ] [ PARAM ] array (
)
[ info ] [ LOG ] INIT File

---------------------------------------------------------------
[ 2017-03-18T16:55:24+08:00 ] ::1 ::1 GET /phpace/public/static/components/datatables.net-buttons-swf/index.swf
[ log ] localhost/phpace/public/static/components/datatables.net-buttons-swf/index.swf [运行时间：0.103006s][吞吐率：9.71req/s] [内存消耗：1,527.73kb] [文件加载：33]
[ info ] [ LANG ] D:\apache2.4\httpd-2.4.23-win64-VC14\Apache24\htdocs\phpace\thinkphp\lang\zh-cn.php
[ info ] [ ROUTE ] array (
  'type' => 'module',
  'module' => 
  array (
    0 => 'static',
    1 => 'components',
    2 => 'datatables.net-buttons-swf',
  ),
)
[ info ] [ HEADER ] array (
  'host' => 'localhost',
  'connection' => 'keep-alive',
  'x-requested-with' => 'ShockwaveFlash/23.0.0.207',
  'user-agent' => 'Mozilla/5.0 (Windows NT 6.1; WOW64) AppleWebKit/537.36 (KHTML, like Gecko) Chrome/56.0.2924.87 Safari/537.36',
  'accept' => '*/*',
  'referer' => 'http://localhost/phpace/public/',
  'accept-encoding' => 'gzip, deflate, sdch, br',
  'accept-language' => 'zh-CN,zh;q=0.8',
  'cookie' => 'PHPSESSID=ae9sc1rsacug6tfjpbcljqtgk0',
)
[ info ] [ PARAM ] array (
)
[ info ] [ LOG ] INIT File

---------------------------------------------------------------
