[ 2017-03-24T22:05:44+08:00 ] ::1 ::1 GET /phpace/public/
[ log ] localhost:8080/phpace/public/ [运行时间：0.579977s][吞吐率：1.72req/s] [内存消耗：2,836.36kb] [文件加载：40]
[ info ] [ LANG ] G:\t\r\htdoc\phpace\thinkphp\lang\zh-cn.php
[ info ] [ ROUTE ] array (
  'type' => 'module',
  'module' => 
  array (
    0 => '',
    1 => NULL,
    2 => NULL,
  ),
)
[ info ] [ HEADER ] array (
  'host' => 'localhost:8080',
  'connection' => 'keep-alive',
  'upgrade-insecure-requests' => '1',
  'user-agent' => 'Mozilla/5.0 (Windows NT 10.0; WOW64) AppleWebKit/537.36 (KHTML, like Gecko) Chrome/51.0.2704.106 Safari/537.36',
  'accept' => 'text/html,application/xhtml+xml,application/xml;q=0.9,image/webp,*/*;q=0.8',
  'accept-encoding' => 'gzip, deflate, sdch',
  'accept-language' => 'zh-CN,zh;q=0.8',
  'cookie' => 'username=you; id=%20043057054062976049054049052057982046043056047057044056977056973049063979046981%2351427%231131%2351; a9863_times=1; sYQDUGqqzHsearch_history=434t3et4%7C1',
)
[ info ] [ PARAM ] array (
)
[ info ] [ RUN ] app\index\controller\Index->index[ G:\t\r\htdoc\phpace\application\index\controller\Index.php ]
[ info ] [ SESSION ] INIT array (
  'id' => '',
  'var_session_id' => 'sss',
  'prefix' => 'think',
  'type' => '',
  'auto_start' => true,
)
[ info ] [ VIEW ] G:\t\r\htdoc\phpace\public/../application/index\view\Login\login.html [ array (
) ]
[ info ] [ LOG ] INIT File

---------------------------------------------------------------
[ 2017-03-24T22:10:02+08:00 ] ::1 ::1 GET /phpace/public/index.php/index/Login
[ log ] localhost:8080/phpace/public/index.php/index/Login [运行时间：0.351470s][吞吐率：2.85req/s] [内存消耗：2,658.73kb] [文件加载：41]
[ info ] [ LANG ] G:\t\r\htdoc\phpace\thinkphp\lang\zh-cn.php
[ info ] [ ROUTE ] array (
  'type' => 'module',
  'module' => 
  array (
    0 => 'index',
    1 => 'Login',
    2 => NULL,
  ),
)
[ info ] [ HEADER ] array (
  'host' => 'localhost:8080',
  'connection' => 'keep-alive',
  'upgrade-insecure-requests' => '1',
  'user-agent' => 'Mozilla/5.0 (Windows NT 10.0; WOW64) AppleWebKit/537.36 (KHTML, like Gecko) Chrome/51.0.2704.106 Safari/537.36',
  'accept' => 'text/html,application/xhtml+xml,application/xml;q=0.9,image/webp,*/*;q=0.8',
  'accept-encoding' => 'gzip, deflate, sdch',
  'accept-language' => 'zh-CN,zh;q=0.8',
  'cookie' => 'username=you; id=%20043057054062976049054049052057982046043056047057044056977056973049063979046981%2351427%231131%2351; a9863_times=1; sYQDUGqqzHsearch_history=434t3et4%7C1; PHPSESSID=ef07pu1octs9sui090376169b7',
)
[ info ] [ PARAM ] array (
)
[ info ] [ RUN ] app\index\controller\Login->index[ G:\t\r\htdoc\phpace\application\index\controller\Login.php ]
[ info ] [ LOG ] INIT File
[ error ] [8]未定义数组索引: data[G:\t\r\htdoc\phpace\application\index\controller\Login.php:38]

---------------------------------------------------------------
[ 2017-03-24T22:16:08+08:00 ] ::1 ::1 GET /phpace/public/index.php/index/index
[ log ] localhost:8080/phpace/public/index.php/index/index [运行时间：0.128431s][吞吐率：7.79req/s] [内存消耗：2,558.58kb] [文件加载：38]
[ info ] [ LANG ] G:\t\r\htdoc\phpace\thinkphp\lang\zh-cn.php
[ info ] [ ROUTE ] array (
  'type' => 'module',
  'module' => 
  array (
    0 => 'index',
    1 => 'index',
    2 => NULL,
  ),
)
[ info ] [ HEADER ] array (
  'host' => 'localhost:8080',
  'connection' => 'keep-alive',
  'upgrade-insecure-requests' => '1',
  'user-agent' => 'Mozilla/5.0 (Windows NT 10.0; WOW64) AppleWebKit/537.36 (KHTML, like Gecko) Chrome/51.0.2704.106 Safari/537.36',
  'accept' => 'text/html,application/xhtml+xml,application/xml;q=0.9,image/webp,*/*;q=0.8',
  'accept-encoding' => 'gzip, deflate, sdch',
  'accept-language' => 'zh-CN,zh;q=0.8',
  'cookie' => 'username=you; id=%20043057054062976049054049052057982046043056047057044056977056973049063979046981%2351427%231131%2351; a9863_times=1; sYQDUGqqzHsearch_history=434t3et4%7C1; PHPSESSID=ef07pu1octs9sui090376169b7',
)
[ info ] [ PARAM ] array (
)
[ info ] [ RUN ] app\index\controller\Index->index[ G:\t\r\htdoc\phpace\application\index\controller\Index.php ]
[ info ] [ SESSION ] INIT array (
  'id' => '',
  'var_session_id' => 'sss',
  'prefix' => 'think',
  'type' => '',
  'auto_start' => true,
)
[ info ] [ VIEW ] G:\t\r\htdoc\phpace\public/../application/index\view\Login\login.html [ array (
) ]
[ info ] [ LOG ] INIT File

---------------------------------------------------------------
[ 2017-03-24T22:22:20+08:00 ] ::1 ::1 GET /phpace/public/
[ log ] localhost:8080/phpace/public/ [运行时间：0.169358s][吞吐率：5.90req/s] [内存消耗：2,558.28kb] [文件加载：38]
[ info ] [ LANG ] G:\t\r\htdoc\phpace\thinkphp\lang\zh-cn.php
[ info ] [ ROUTE ] array (
  'type' => 'module',
  'module' => 
  array (
    0 => '',
    1 => NULL,
    2 => NULL,
  ),
)
[ info ] [ HEADER ] array (
  'host' => 'localhost:8080',
  'connection' => 'keep-alive',
  'upgrade-insecure-requests' => '1',
  'user-agent' => 'Mozilla/5.0 (Windows NT 10.0; WOW64) AppleWebKit/537.36 (KHTML, like Gecko) Chrome/51.0.2704.106 Safari/537.36',
  'accept' => 'text/html,application/xhtml+xml,application/xml;q=0.9,image/webp,*/*;q=0.8',
  'accept-encoding' => 'gzip, deflate, sdch',
  'accept-language' => 'zh-CN,zh;q=0.8',
  'cookie' => 'username=you; id=%20043057054062976049054049052057982046043056047057044056977056973049063979046981%2351427%231131%2351; a9863_times=1; sYQDUGqqzHsearch_history=434t3et4%7C1; PHPSESSID=ef07pu1octs9sui090376169b7',
)
[ info ] [ PARAM ] array (
)
[ info ] [ RUN ] app\index\controller\Index->index[ G:\t\r\htdoc\phpace\application\index\controller\Index.php ]
[ info ] [ SESSION ] INIT array (
  'id' => '',
  'var_session_id' => 'sss',
  'prefix' => 'think',
  'type' => '',
  'auto_start' => true,
)
[ info ] [ VIEW ] G:\t\r\htdoc\phpace\public/../application/index\view\Login\login.html [ array (
) ]
[ info ] [ LOG ] INIT File

---------------------------------------------------------------
[ 2017-03-24T22:54:15+08:00 ] ::1 ::1 GET /phpace/public/index/Login
[ log ] localhost:8080/phpace/public/index/Login [运行时间：0.136354s][吞吐率：7.33req/s] [内存消耗：2,125.13kb] [文件加载：33]
[ info ] [ LANG ] G:\t\r\htdoc\phpace\thinkphp\lang\zh-cn.php
[ info ] [ ROUTE ] array (
  'type' => 'module',
  'module' => 
  array (
    0 => 'phpace',
    1 => 'public',
    2 => 'index',
  ),
)
[ info ] [ HEADER ] array (
  'host' => 'localhost:8080',
  'connection' => 'keep-alive',
  'cache-control' => 'max-age=0',
  'upgrade-insecure-requests' => '1',
  'user-agent' => 'Mozilla/5.0 (Windows NT 10.0; WOW64) AppleWebKit/537.36 (KHTML, like Gecko) Chrome/51.0.2704.106 Safari/537.36',
  'accept' => 'text/html,application/xhtml+xml,application/xml;q=0.9,image/webp,*/*;q=0.8',
  'accept-encoding' => 'gzip, deflate, sdch',
  'accept-language' => 'zh-CN,zh;q=0.8',
  'cookie' => 'username=you; id=%20043057054062976049054049052057982046043056047057044056977056973049063979046981%2351427%231131%2351; a9863_times=1; sYQDUGqqzHsearch_history=434t3et4%7C1; PHPSESSID=ef07pu1octs9sui090376169b7',
)
[ info ] [ PARAM ] array (
  '/index/Login' => '',
)
[ info ] [ LOG ] INIT File

---------------------------------------------------------------
[ 2017-03-24T22:54:40+08:00 ] ::1 ::1 GET /phpace/public/
[ log ] localhost:8080/phpace/public/ [运行时间：0.126477s][吞吐率：7.91req/s] [内存消耗：2,558.92kb] [文件加载：38]
[ info ] [ LANG ] G:\t\r\htdoc\phpace\thinkphp\lang\zh-cn.php
[ info ] [ ROUTE ] array (
  'type' => 'module',
  'module' => 
  array (
    0 => '',
    1 => NULL,
    2 => NULL,
  ),
)
[ info ] [ HEADER ] array (
  'host' => 'localhost:8080',
  'connection' => 'keep-alive',
  'pragma' => 'no-cache',
  'cache-control' => 'no-cache',
  'upgrade-insecure-requests' => '1',
  'user-agent' => 'Mozilla/5.0 (Windows NT 10.0; WOW64) AppleWebKit/537.36 (KHTML, like Gecko) Chrome/51.0.2704.106 Safari/537.36',
  'accept' => 'text/html,application/xhtml+xml,application/xml;q=0.9,image/webp,*/*;q=0.8',
  'accept-encoding' => 'gzip, deflate, sdch',
  'accept-language' => 'zh-CN,zh;q=0.8',
  'cookie' => 'username=you; id=%20043057054062976049054049052057982046043056047057044056977056973049063979046981%2351427%231131%2351; a9863_times=1; sYQDUGqqzHsearch_history=434t3et4%7C1; PHPSESSID=ef07pu1octs9sui090376169b7',
)
[ info ] [ PARAM ] array (
)
[ info ] [ RUN ] app\index\controller\Index->index[ G:\t\r\htdoc\phpace\application\index\controller\Index.php ]
[ info ] [ SESSION ] INIT array (
  'id' => '',
  'var_session_id' => 'sss',
  'prefix' => 'think',
  'type' => '',
  'auto_start' => true,
)
[ info ] [ VIEW ] G:\t\r\htdoc\phpace\public/../application/index\view\Login\login.html [ array (
) ]
[ info ] [ LOG ] INIT File

---------------------------------------------------------------
[ 2017-03-24T22:54:44+08:00 ] ::1 ::1 POST /phpace/public/index/Login
[ log ] localhost:8080/phpace/public/index/Login [运行时间：0.116674s][吞吐率：8.57req/s] [内存消耗：2,126.50kb] [文件加载：33]
[ info ] [ LANG ] G:\t\r\htdoc\phpace\thinkphp\lang\zh-cn.php
[ info ] [ ROUTE ] array (
  'type' => 'module',
  'module' => 
  array (
    0 => 'phpace',
    1 => 'public',
    2 => 'index',
  ),
)
[ info ] [ HEADER ] array (
  'host' => 'localhost:8080',
  'connection' => 'keep-alive',
  'content-length' => '16',
  'pragma' => 'no-cache',
  'cache-control' => 'no-cache',
  'accept' => 'application/json, text/javascript, */*; q=0.01',
  'origin' => 'http://localhost:8080',
  'x-requested-with' => 'XMLHttpRequest',
  'user-agent' => 'Mozilla/5.0 (Windows NT 10.0; WOW64) AppleWebKit/537.36 (KHTML, like Gecko) Chrome/51.0.2704.106 Safari/537.36',
  'content-type' => 'application/x-www-form-urlencoded; charset=UTF-8',
  'referer' => 'http://localhost:8080/phpace/public/',
  'accept-encoding' => 'gzip, deflate',
  'accept-language' => 'zh-CN,zh;q=0.8',
  'cookie' => 'username=you; id=%20043057054062976049054049052057982046043056047057044056977056973049063979046981%2351427%231131%2351; a9863_times=1; sYQDUGqqzHsearch_history=434t3et4%7C1; PHPSESSID=ef07pu1octs9sui090376169b7',
)
[ info ] [ PARAM ] array (
  '/index/Login' => '',
  'data' => 'root-phpcms',
)
[ info ] [ LOG ] INIT File

---------------------------------------------------------------
[ 2017-03-24T22:54:56+08:00 ] ::1 ::1 POST /phpace/public/index/Login
[ log ] localhost:8080/phpace/public/index/Login [运行时间：0.126330s][吞吐率：7.92req/s] [内存消耗：2,126.05kb] [文件加载：33]
[ info ] [ LANG ] G:\t\r\htdoc\phpace\thinkphp\lang\zh-cn.php
[ info ] [ ROUTE ] array (
  'type' => 'module',
  'module' => 
  array (
    0 => 'phpace',
    1 => 'public',
    2 => 'index',
  ),
)
[ info ] [ HEADER ] array (
  'host' => 'localhost:8080',
  'connection' => 'keep-alive',
  'content-length' => '16',
  'pragma' => 'no-cache',
  'cache-control' => 'no-cache',
  'accept' => 'application/json, text/javascript, */*; q=0.01',
  'origin' => 'http://localhost:8080',
  'x-requested-with' => 'XMLHttpRequest',
  'user-agent' => 'Mozilla/5.0 (Windows NT 10.0; WOW64) AppleWebKit/537.36 (KHTML, like Gecko) Chrome/51.0.2704.106 Safari/537.36',
  'content-type' => 'application/x-www-form-urlencoded; charset=UTF-8',
  'referer' => 'http://localhost:8080/phpace/public/',
  'accept-encoding' => 'gzip, deflate',
  'accept-language' => 'zh-CN,zh;q=0.8',
  'cookie' => 'username=you; id=%20043057054062976049054049052057982046043056047057044056977056973049063979046981%2351427%231131%2351; a9863_times=1; sYQDUGqqzHsearch_history=434t3et4%7C1; PHPSESSID=ef07pu1octs9sui090376169b7',
)
[ info ] [ PARAM ] array (
  '/index/Login' => '',
  'data' => 'root-phpcms',
)
[ info ] [ LOG ] INIT File

---------------------------------------------------------------
[ 2017-03-24T22:55:08+08:00 ] ::1 ::1 POST /phpace/public/index/Login
[ log ] localhost:8080/phpace/public/index/Login [运行时间：0.118646s][吞吐率：8.43req/s] [内存消耗：2,126.05kb] [文件加载：33]
[ info ] [ LANG ] G:\t\r\htdoc\phpace\thinkphp\lang\zh-cn.php
[ info ] [ ROUTE ] array (
  'type' => 'module',
  'module' => 
  array (
    0 => 'phpace',
    1 => 'public',
    2 => 'index',
  ),
)
[ info ] [ HEADER ] array (
  'host' => 'localhost:8080',
  'connection' => 'keep-alive',
  'content-length' => '16',
  'pragma' => 'no-cache',
  'cache-control' => 'no-cache',
  'accept' => 'application/json, text/javascript, */*; q=0.01',
  'origin' => 'http://localhost:8080',
  'x-requested-with' => 'XMLHttpRequest',
  'user-agent' => 'Mozilla/5.0 (Windows NT 10.0; WOW64) AppleWebKit/537.36 (KHTML, like Gecko) Chrome/51.0.2704.106 Safari/537.36',
  'content-type' => 'application/x-www-form-urlencoded; charset=UTF-8',
  'referer' => 'http://localhost:8080/phpace/public/',
  'accept-encoding' => 'gzip, deflate',
  'accept-language' => 'zh-CN,zh;q=0.8',
  'cookie' => 'username=you; id=%20043057054062976049054049052057982046043056047057044056977056973049063979046981%2351427%231131%2351; a9863_times=1; sYQDUGqqzHsearch_history=434t3et4%7C1; PHPSESSID=ef07pu1octs9sui090376169b7',
)
[ info ] [ PARAM ] array (
  '/index/Login' => '',
  'data' => 'root-phpcms',
)
[ info ] [ LOG ] INIT File

---------------------------------------------------------------
[ 2017-03-24T22:55:15+08:00 ] ::1 ::1 POST /phpace/public/index/Login
[ log ] localhost:8080/phpace/public/index/Login [运行时间：0.125053s][吞吐率：8.00req/s] [内存消耗：2,126.05kb] [文件加载：33]
[ info ] [ LANG ] G:\t\r\htdoc\phpace\thinkphp\lang\zh-cn.php
[ info ] [ ROUTE ] array (
  'type' => 'module',
  'module' => 
  array (
    0 => 'phpace',
    1 => 'public',
    2 => 'index',
  ),
)
[ info ] [ HEADER ] array (
  'host' => 'localhost:8080',
  'connection' => 'keep-alive',
  'content-length' => '16',
  'pragma' => 'no-cache',
  'cache-control' => 'no-cache',
  'accept' => 'application/json, text/javascript, */*; q=0.01',
  'origin' => 'http://localhost:8080',
  'x-requested-with' => 'XMLHttpRequest',
  'user-agent' => 'Mozilla/5.0 (Windows NT 10.0; WOW64) AppleWebKit/537.36 (KHTML, like Gecko) Chrome/51.0.2704.106 Safari/537.36',
  'content-type' => 'application/x-www-form-urlencoded; charset=UTF-8',
  'referer' => 'http://localhost:8080/phpace/public/',
  'accept-encoding' => 'gzip, deflate',
  'accept-language' => 'zh-CN,zh;q=0.8',
  'cookie' => 'username=you; id=%20043057054062976049054049052057982046043056047057044056977056973049063979046981%2351427%231131%2351; a9863_times=1; sYQDUGqqzHsearch_history=434t3et4%7C1; PHPSESSID=ef07pu1octs9sui090376169b7',
)
[ info ] [ PARAM ] array (
  '/index/Login' => '',
  'data' => 'root-phpcms',
)
[ info ] [ LOG ] INIT File

---------------------------------------------------------------
[ 2017-03-24T22:55:35+08:00 ] ::1 ::1 GET /phpace/public/index/Login
[ log ] localhost:8080/phpace/public/index/Login [运行时间：0.136207s][吞吐率：7.34req/s] [内存消耗：2,124.63kb] [文件加载：33]
[ info ] [ LANG ] G:\t\r\htdoc\phpace\thinkphp\lang\zh-cn.php
[ info ] [ ROUTE ] array (
  'type' => 'module',
  'module' => 
  array (
    0 => 'phpace',
    1 => 'public',
    2 => 'index',
  ),
)
[ info ] [ HEADER ] array (
  'host' => 'localhost:8080',
  'connection' => 'keep-alive',
  'upgrade-insecure-requests' => '1',
  'user-agent' => 'Mozilla/5.0 (Windows NT 10.0; WOW64) AppleWebKit/537.36 (KHTML, like Gecko) Chrome/51.0.2704.106 Safari/537.36',
  'accept' => 'text/html,application/xhtml+xml,application/xml;q=0.9,image/webp,*/*;q=0.8',
  'accept-encoding' => 'gzip, deflate, sdch',
  'accept-language' => 'zh-CN,zh;q=0.8',
  'cookie' => 'username=you; id=%20043057054062976049054049052057982046043056047057044056977056973049063979046981%2351427%231131%2351; a9863_times=1; sYQDUGqqzHsearch_history=434t3et4%7C1; PHPSESSID=ef07pu1octs9sui090376169b7',
)
[ info ] [ PARAM ] array (
  '/index/Login' => '',
)
[ info ] [ LOG ] INIT File

---------------------------------------------------------------
